

Microchip MPLAB XC8 Assembler V2.46 build 20240104201356 
                                                                                               Wed Aug 28 13:41:33 2024

Microchip MPLAB XC8 C Compiler v2.46 (Free license) build 20240104201356 Og1 
     1                           	processor	18F4620
     2                           	fnconf	rparam,??,?,0
     3                           	pagewidth 120
     4                           	opt	flic
     5                           	psect	idataCOMRAM,global,class=CODE,delta=1,noexec
     6                           	psect	smallconst,global,reloc=2,class=SMALLCONST,delta=1,noexec
     7                           	psect	cinit,global,reloc=2,class=CODE,delta=1
     8                           	psect	bssCOMRAM,global,class=COMRAM,space=1,delta=1,lowdata,noexec
     9                           	psect	dataCOMRAM,global,class=COMRAM,space=1,delta=1,lowdata,noexec
    10                           	psect	cstackCOMRAM,global,class=COMRAM,space=1,delta=1,lowdata,noexec
    11                           	psect	text0,global,reloc=2,class=CODE,delta=1
    12                           	psect	text1,global,reloc=2,class=CODE,delta=1
    13                           	psect	text2,global,reloc=2,class=CODE,delta=1
    14                           	psect	text3,global,reloc=2,class=CODE,delta=1
    15                           	psect	text4,global,reloc=2,class=CODE,delta=1
    16                           	psect	text5,global,reloc=2,class=CODE,delta=1
    17                           	psect	text6,global,reloc=2,class=CODE,delta=1
    18                           	psect	intsave_regs,global,class=BIGRAM,space=1,delta=1,noexec
    19                           	psect	rparam,global,class=COMRAM,space=1,delta=1,noexec
    20                           	psect	config,global,abs,ovrld,class=CONFIG,space=4,delta=1,noexec
    21   000000                     
    22                           ; Generated 17/10/2023 GMT
    23                           ; 
    24                           ; Copyright © 2023, Microchip Technology Inc. and its subsidiaries ("Microchip")
    25                           ; All rights reserved.
    26                           ; 
    27                           ; This software is developed by Microchip Technology Inc. and its subsidiaries ("Microch
      +                          ip").
    28                           ; 
    29                           ; Redistribution and use in source and binary forms, with or without modification, are
    30                           ; permitted provided that the following conditions are met:
    31                           ; 
    32                           ;     1. Redistributions of source code must retain the above copyright notice, this lis
      +                          t of
    33                           ;        conditions and the following disclaimer.
    34                           ; 
    35                           ;     2. Redistributions in binary form must reproduce the above copyright notice, this 
      +                          list
    36                           ;        of conditions and the following disclaimer in the documentation and/or other
    37                           ;        materials provided with the distribution. Publication is not required when
    38                           ;        this file is used in an embedded application.
    39                           ; 
    40                           ;     3. Microchip's name may not be used to endorse or promote products derived from th
      +                          is
    41                           ;        software without specific prior written permission.
    42                           ; 
    43                           ; THIS SOFTWARE IS PROVIDED BY MICROCHIP "AS IS" AND ANY EXPRESS OR IMPLIED WARRANTIES,
    44                           ; INCLUDING, BUT NOT LIMITED TO, THE IMPLIED WARRANTIES OF MERCHANTABILITY AND FITNESS F
      +                          OR
    45                           ; PURPOSE ARE DISCLAIMED.  IN NO EVENT SHALL MICROCHIP BE LIABLE FOR ANY DIRECT, INDIREC
      +                          T,
    46                           ; INCIDENTAL, SPECIAL, EXEMPLARY, OR CONSEQUENTIAL DAMAGES (INCLUDING BUT NOT LIMITED TO
    47                           ; PROCUREMENT OF SUBSTITUTE GOODS OR SERVICES; LOSS OF USE, DATA OR PROFITS; OR BUSINESS
    48                           ; INTERRUPTION) HOWSOEVER CAUSED AND ON ANY THEORY OF LIABILITY, WHETHER IN CONTRACT, ST
      +                          RICT
    49                           ; LIABILITY, OR TORT (INCLUDING NEGLIGENCE OR OTHERWISE) ARISING IN ANY WAY OUT OF THE U
      +                          SE OF
    50                           ; THIS SOFTWARE, EVEN IF ADVISED OF THE POSSIBILITY OF SUCH DAMAGE.
    51                           ; 
    52                           ; 
    53                           ; Code-generator required, PIC18F4620 Definitions
    54                           ; 
    55                           ; SFR Addresses
    56   000000                     
    57                           	psect	idataCOMRAM
    58   001306                     __pidataCOMRAM:
    59                           	callstack 0
    60                           
    61                           ;initializer for _port_registers
    62   001306  80                 	db	128
    63   001307  0F                 	db	15
    64   001308  81                 	db	129
    65   001309  0F                 	db	15
    66   00130A  82                 	db	130
    67   00130B  0F                 	db	15
    68   00130C  83                 	db	131
    69   00130D  0F                 	db	15
    70   00130E  84                 	db	132
    71   00130F  0F                 	db	15
    72                           
    73                           ;initializer for _lat_registers
    74   001310  89                 	db	137
    75   001311  0F                 	db	15
    76   001312  8A                 	db	138
    77   001313  0F                 	db	15
    78   001314  8B                 	db	139
    79   001315  0F                 	db	15
    80   001316  8C                 	db	140
    81   001317  0F                 	db	15
    82   001318  8D                 	db	141
    83   001319  0F                 	db	15
    84                           
    85                           ;initializer for _tris_registers
    86   00131A  92                 	db	146
    87   00131B  0F                 	db	15
    88   00131C  93                 	db	147
    89   00131D  0F                 	db	15
    90   00131E  94                 	db	148
    91   00131F  0F                 	db	15
    92   001320  95                 	db	149
    93   001321  0F                 	db	15
    94   001322  96                 	db	150
    95   001323  0F                 	db	15
    96                           
    97                           ;initializer for _lcd2
    98   001324  32                 	db	50
    99   001325  3A                 	db	58
   100   001326  03                 	db	3
   101   001327  0B                 	db	11
   102   001328  13                 	db	19
   103   001329  1B                 	db	27
   104   00132A  23                 	db	35
   105   00132B  2B                 	db	43
   106   00132C  33                 	db	51
   107   00132D  3B                 	db	59
   108                           
   109                           ;initializer for _keypad1
   110   00132E  02                 	db	2
   111   00132F  0A                 	db	10
   112   001330  12                 	db	18
   113   001331  1A                 	db	26
   114   001332  62                 	db	98
   115   001333  6A                 	db	106
   116   001334  72                 	db	114
   117   001335  7A                 	db	122
   118                           
   119                           ;initializer for _lcd1
   120   001336  02                 	db	2
   121   001337  0A                 	db	10
   122   001338  12                 	db	18
   123   001339  1A                 	db	26
   124   00133A  22                 	db	34
   125   00133B  2A                 	db	42
   126                           
   127                           ;initializer for _segment1
   128   00133C  02                 	db	2
   129   00133D  0A                 	db	10
   130   00133E  12                 	db	18
   131   00133F  1A                 	db	26
   132   001340  00                 	db	0
   133                           
   134                           ;initializer for _btn1
   135   001341  4B                 	db	75
   136   001342  00                 	db	0
   137   001343  01                 	db	1
   138                           
   139                           ;initializer for _ret
   140   001344  01                 	db	1
   141                           
   142                           ;initializer for _led1
   143   001345  03                 	db	3
   144                           
   145                           ;initializer for _motor1
   146   001346  02                 	db	2
   147   001347  0A                 	db	10
   148                           
   149                           	psect	smallconst
   150   001000                     __psmallconst:
   151                           	callstack 0
   152   001000  00                 	db	0
   153   001001                     _keypad_values:
   154                           	callstack 0
   155   001001  37                 	db	55
   156   001002  38                 	db	56
   157   001003  39                 	db	57
   158   001004  2F                 	db	47
   159   001005  34                 	db	52
   160   001006  35                 	db	53
   161   001007  36                 	db	54
   162   001008  2A                 	db	42
   163   001009  31                 	db	49
   164   00100A  32                 	db	50
   165   00100B  33                 	db	51
   166   00100C  2D                 	db	45
   167   00100D  63                 	db	99
   168   00100E  30                 	db	48
   169   00100F  3D                 	db	61
   170   001010  2B                 	db	43
   171   001011                     __end_of_keypad_values:
   172                           	callstack 0
   173   000000                     _PORTE	set	3972
   174   000000                     _PORTD	set	3971
   175   000000                     _PORTC	set	3970
   176   000000                     _PORTB	set	3969
   177   000000                     _PORTA	set	3968
   178   000000                     _LATA	set	3977
   179   000000                     _TRISA	set	3986
   180   000000                     _TRISE	set	3990
   181   000000                     _TRISD	set	3989
   182   000000                     _TRISC	set	3988
   183   000000                     _TRISB	set	3987
   184   000000                     _LATE	set	3981
   185   000000                     _LATD	set	3980
   186   000000                     _LATC	set	3979
   187   000000                     _LATB	set	3978
   188   001011                     STR_1:
   189   001011  25                 	db	37
   190   001012  69                 	db	105	;'i'
   191   001013  00                 	db	0
   192   001014  00                 	db	0	; dummy byte at the end
   193   000000                     
   194                           ; #config settings
   195                           
   196                           	psect	cinit
   197   001348                     __pcinit:
   198                           	callstack 0
   199   001348                     start_initialization:
   200                           	callstack 0
   201   001348                     __initialization:
   202                           	callstack 0
   203                           
   204                           ; Initialize objects allocated to COMRAM (66 bytes)
   205                           ; load TBLPTR registers with __pidataCOMRAM
   206   001348  0E06               	movlw	low __pidataCOMRAM
   207   00134A  6EF6               	movwf	tblptrl,c
   208   00134C  0E13               	movlw	high __pidataCOMRAM
   209   00134E  6EF7               	movwf	tblptrh,c
   210   001350  0E00               	movlw	low (__pidataCOMRAM shr (0+16))
   211   001352  6EF8               	movwf	tblptru,c
   212   001354  EE00  F001         	lfsr	0,__pdataCOMRAM
   213   001358  EE10 F042          	lfsr	1,66
   214   00135C                     copy_data0:
   215   00135C  0009               	tblrd		*+
   216   00135E  CFF5 FFEE          	movff	tablat,postinc0
   217   001362  50E5               	movf	postdec1,w,c
   218   001364  50E1               	movf	fsr1l,w,c
   219   001366  E1FA               	bnz	copy_data0
   220                           
   221                           ; Clear objects allocated to COMRAM (8 bytes)
   222   001368  EE00  F051         	lfsr	0,__pbssCOMRAM
   223   00136C  0E08               	movlw	8
   224   00136E                     clear_0:
   225   00136E  6AEE               	clrf	postinc0,c
   226   001370  06E8               	decf	wreg,f,c
   227   001372  E1FD               	bnz	clear_0
   228   001374                     end_of_initialization:
   229                           	callstack 0
   230   001374                     __end_of__initialization:
   231                           	callstack 0
   232   001374  0E00               	movlw	low (__Lmediumconst shr (0+16))
   233   001376  6EF8               	movwf	tblptru,c
   234   001378  0100               	movlb	0
   235   00137A  EFDE  F009         	goto	_main	;jump to C main() function
   236                           
   237                           	psect	bssCOMRAM
   238   000051                     __pbssCOMRAM:
   239                           	callstack 0
   240   000051                     _relay1:
   241                           	callstack 0
   242   000051                     	ds	1
   243   000052                     relay_turn_off@F3070:
   244                           	callstack 0
   245   000052                     	ds	1
   246   000053                     relay_turn_on@F3065:
   247                           	callstack 0
   248   000053                     	ds	1
   249   000054                     relay_initialize@F3060:
   250                           	callstack 0
   251   000054                     	ds	1
   252   000055                     led_turn_toggle@F3077:
   253                           	callstack 0
   254   000055                     	ds	1
   255   000056                     led_turn_off@F3072:
   256                           	callstack 0
   257   000056                     	ds	1
   258   000057                     led_turn_on@F3067:
   259                           	callstack 0
   260   000057                     	ds	1
   261   000058                     led_initialize@F3062:
   262                           	callstack 0
   263   000058                     	ds	1
   264                           
   265                           	psect	dataCOMRAM
   266   000001                     __pdataCOMRAM:
   267                           	callstack 0
   268   000001                     _port_registers:
   269                           	callstack 0
   270   000001                     	ds	10
   271   00000B                     _lat_registers:
   272                           	callstack 0
   273   00000B                     	ds	10
   274   000015                     _tris_registers:
   275                           	callstack 0
   276   000015                     	ds	10
   277   00001F                     _lcd2:
   278                           	callstack 0
   279   00001F                     	ds	10
   280   000029                     _keypad1:
   281                           	callstack 0
   282   000029                     	ds	8
   283   000031                     _lcd1:
   284                           	callstack 0
   285   000031                     	ds	6
   286   000037                     _segment1:
   287                           	callstack 0
   288   000037                     	ds	5
   289   00003C                     _btn1:
   290                           	callstack 0
   291   00003C                     	ds	3
   292   00003F                     _ret:
   293                           	callstack 0
   294   00003F                     	ds	1
   295   000040                     _led1:
   296                           	callstack 0
   297   000040                     	ds	1
   298   000041                     _motor1:
   299                           	callstack 0
   300   000041                     	ds	2
   301                           
   302                           	psect	cstackCOMRAM
   303   000043                     __pcstackCOMRAM:
   304                           	callstack 0
   305   000043                     gpio_pin_direction_initialize@_pin_config:
   306                           	callstack 0
   307   000043                     gpio_pin_write_logic@_pin_config:
   308                           	callstack 0
   309                           
   310                           ; 1 bytes @ 0x0
   311   000043                     	ds	1
   312   000044                     ??_gpio_pin_direction_initialize:
   313   000044                     gpio_pin_write_logic@logic:
   314                           	callstack 0
   315                           
   316                           ; 1 bytes @ 0x1
   317   000044                     	ds	1
   318   000045                     ??_gpio_pin_write_logic:
   319                           
   320                           ; 1 bytes @ 0x2
   321   000045                     	ds	4
   322   000049                     gpio_pin_direction_initialize@ret:
   323                           	callstack 0
   324                           
   325                           ; 1 bytes @ 0x6
   326   000049                     	ds	1
   327   00004A                     gpio_pin_write_logic@ret:
   328                           	callstack 0
   329                           
   330                           ; 1 bytes @ 0x7
   331   00004A                     	ds	1
   332   00004B                     gpio_pin_initialize@_pin_config:
   333                           	callstack 0
   334                           
   335                           ; 1 bytes @ 0x8
   336   00004B                     	ds	1
   337   00004C                     ??_gpio_pin_initialize:
   338                           
   339                           ; 1 bytes @ 0x9
   340   00004C                     	ds	1
   341   00004D                     gpio_pin_initialize@ret:
   342                           	callstack 0
   343                           
   344                           ; 1 bytes @ 0xA
   345   00004D                     	ds	1
   346   00004E                     dc_motor_initialize@_dc_motor:
   347                           	callstack 0
   348                           
   349                           ; 1 bytes @ 0xB
   350   00004E                     	ds	1
   351   00004F                     dc_motor_initialize@ret:
   352                           	callstack 0
   353                           
   354                           ; 1 bytes @ 0xC
   355   00004F                     	ds	1
   356   000050                     ecu_layer_initialize@ret_init:
   357                           	callstack 0
   358                           
   359                           ; 1 bytes @ 0xD
   360   000050                     	ds	1
   361   000051                     
   362                           ; 1 bytes @ 0xE
   363 ;;
   364 ;;Main: autosize = 0, tempsize = 0, incstack = 0, save=0
   365 ;;
   366 ;; *************** function _main *****************
   367 ;; Defined at:
   368 ;;		line 17 in file "Application1.c"
   369 ;; Parameters:    Size  Location     Type
   370 ;;		None
   371 ;; Auto vars:     Size  Location     Type
   372 ;;		None
   373 ;; Return value:  Size  Location     Type
   374 ;;                  2  453[None  ] int 
   375 ;; Registers used:
   376 ;;		wreg, fsr2l, fsr2h, status,2, status,0, prodl, prodh, cstack
   377 ;; Tracked objects:
   378 ;;		On entry : 0/0
   379 ;;		On exit  : 0/0
   380 ;;		Unchanged: 0/0
   381 ;; Data sizes:     COMRAM   BANK0   BANK1   BANK2   BANK3   BANK4   BANK5   BANK6   BANK7   BANK8   BANK9  BANK10  BANK1
      +1  BANK12  BANK13  BANK14  BANK15
   382 ;;      Params:         0       0       0       0       0       0       0       0       0       0       0       0       
      +0       0       0       0       0
   383 ;;      Locals:         0       0       0       0       0       0       0       0       0       0       0       0       
      +0       0       0       0       0
   384 ;;      Temps:          0       0       0       0       0       0       0       0       0       0       0       0       
      +0       0       0       0       0
   385 ;;      Totals:         0       0       0       0       0       0       0       0       0       0       0       0       
      +0       0       0       0       0
   386 ;;Total ram usage:        0 bytes
   387 ;; Hardware stack levels required when called: 5
   388 ;; This function calls:
   389 ;;		_application_initialize
   390 ;; This function is called by:
   391 ;;		Startup code after reset
   392 ;; This function uses a non-reentrant model
   393 ;;
   394                           
   395                           	psect	text0
   396   0013BC                     __ptext0:
   397                           	callstack 0
   398   0013BC                     _main:
   399                           	callstack 26
   400   0013BC                     
   401                           ;Application1.c: 19:     application_initialize();
   402   0013BC  ECE4  F009         	call	_application_initialize	;wreg free
   403   0013C0                     l454:
   404   0013C0  EFE0  F009         	goto	l454
   405   0013C4  EF00  F000         	goto	start
   406   0013C8                     __end_of_main:
   407                           	callstack 0
   408                           
   409 ;; *************** function _application_initialize *****************
   410 ;; Defined at:
   411 ;;		line 29 in file "Application1.c"
   412 ;; Parameters:    Size  Location     Type
   413 ;;		None
   414 ;; Auto vars:     Size  Location     Type
   415 ;;  ret_init        1    0        unsigned char 
   416 ;; Return value:  Size  Location     Type
   417 ;;                  1    wreg      void 
   418 ;; Registers used:
   419 ;;		wreg, fsr2l, fsr2h, status,2, status,0, prodl, prodh, cstack
   420 ;; Tracked objects:
   421 ;;		On entry : 0/0
   422 ;;		On exit  : 0/0
   423 ;;		Unchanged: 0/0
   424 ;; Data sizes:     COMRAM   BANK0   BANK1   BANK2   BANK3   BANK4   BANK5   BANK6   BANK7   BANK8   BANK9  BANK10  BANK1
      +1  BANK12  BANK13  BANK14  BANK15
   425 ;;      Params:         0       0       0       0       0       0       0       0       0       0       0       0       
      +0       0       0       0       0
   426 ;;      Locals:         0       0       0       0       0       0       0       0       0       0       0       0       
      +0       0       0       0       0
   427 ;;      Temps:          0       0       0       0       0       0       0       0       0       0       0       0       
      +0       0       0       0       0
   428 ;;      Totals:         0       0       0       0       0       0       0       0       0       0       0       0       
      +0       0       0       0       0
   429 ;;Total ram usage:        0 bytes
   430 ;; Hardware stack levels used: 1
   431 ;; Hardware stack levels required when called: 4
   432 ;; This function calls:
   433 ;;		_ecu_layer_initialize
   434 ;; This function is called by:
   435 ;;		_main
   436 ;; This function uses a non-reentrant model
   437 ;;
   438                           
   439                           	psect	text1
   440   0013C8                     __ptext1:
   441                           	callstack 0
   442   0013C8                     _application_initialize:
   443                           	callstack 26
   444   0013C8  ECD7  F009         	call	_ecu_layer_initialize	;wreg free
   445   0013CC  0012               	return		;funcret
   446   0013CE                     __end_of_application_initialize:
   447                           	callstack 0
   448                           
   449 ;; *************** function _ecu_layer_initialize *****************
   450 ;; Defined at:
   451 ;;		line 205 in file "ECU_Layer/ecu_layer_init.c"
   452 ;; Parameters:    Size  Location     Type
   453 ;;		None
   454 ;; Auto vars:     Size  Location     Type
   455 ;;  ret_init        1   13[COMRAM] unsigned char 
   456 ;; Return value:  Size  Location     Type
   457 ;;                  1    wreg      unsigned char 
   458 ;; Registers used:
   459 ;;		wreg, fsr2l, fsr2h, status,2, status,0, prodl, prodh, cstack
   460 ;; Tracked objects:
   461 ;;		On entry : 0/0
   462 ;;		On exit  : 0/0
   463 ;;		Unchanged: 0/0
   464 ;; Data sizes:     COMRAM   BANK0   BANK1   BANK2   BANK3   BANK4   BANK5   BANK6   BANK7   BANK8   BANK9  BANK10  BANK1
      +1  BANK12  BANK13  BANK14  BANK15
   465 ;;      Params:         0       0       0       0       0       0       0       0       0       0       0       0       
      +0       0       0       0       0
   466 ;;      Locals:         1       0       0       0       0       0       0       0       0       0       0       0       
      +0       0       0       0       0
   467 ;;      Temps:          0       0       0       0       0       0       0       0       0       0       0       0       
      +0       0       0       0       0
   468 ;;      Totals:         1       0       0       0       0       0       0       0       0       0       0       0       
      +0       0       0       0       0
   469 ;;Total ram usage:        1 bytes
   470 ;; Hardware stack levels used: 1
   471 ;; Hardware stack levels required when called: 3
   472 ;; This function calls:
   473 ;;		_dc_motor_initialize
   474 ;; This function is called by:
   475 ;;		_application_initialize
   476 ;; This function uses a non-reentrant model
   477 ;;
   478                           
   479                           	psect	text2
   480   0013AE                     __ptext2:
   481                           	callstack 0
   482   0013AE                     _ecu_layer_initialize:
   483                           	callstack 26
   484   0013AE                     
   485                           ;ECU_Layer/ecu_layer_init.c: 208:     ret_init = dc_motor_initialize(&motor1);
   486   0013AE  0E41               	movlw	low _motor1
   487   0013B0  6E4E               	movwf	dc_motor_initialize@_dc_motor^0,c
   488   0013B2  ECBF  F009         	call	_dc_motor_initialize	;wreg free
   489   0013B6  6E50               	movwf	ecu_layer_initialize@ret_init^0,c
   490   0013B8                     
   491                           ;ECU_Layer/ecu_layer_init.c: 209:     return ret_init;
   492   0013B8  5050               	movf	ecu_layer_initialize@ret_init^0,w,c
   493   0013BA  0012               	return		;funcret
   494   0013BC                     __end_of_ecu_layer_initialize:
   495                           	callstack 0
   496                           
   497 ;; *************** function _dc_motor_initialize *****************
   498 ;; Defined at:
   499 ;;		line 27 in file "ECU_Layer/DC_Motor/ecu_dc_motor.c"
   500 ;; Parameters:    Size  Location     Type
   501 ;;  _dc_motor       1   11[COMRAM] PTR const struct .
   502 ;;		 -> motor1(2), 
   503 ;; Auto vars:     Size  Location     Type
   504 ;;  ret             1   12[COMRAM] unsigned char 
   505 ;; Return value:  Size  Location     Type
   506 ;;                  1    wreg      unsigned char 
   507 ;; Registers used:
   508 ;;		wreg, fsr2l, fsr2h, status,2, status,0, prodl, prodh, cstack
   509 ;; Tracked objects:
   510 ;;		On entry : 0/0
   511 ;;		On exit  : 0/0
   512 ;;		Unchanged: 0/0
   513 ;; Data sizes:     COMRAM   BANK0   BANK1   BANK2   BANK3   BANK4   BANK5   BANK6   BANK7   BANK8   BANK9  BANK10  BANK1
      +1  BANK12  BANK13  BANK14  BANK15
   514 ;;      Params:         1       0       0       0       0       0       0       0       0       0       0       0       
      +0       0       0       0       0
   515 ;;      Locals:         1       0       0       0       0       0       0       0       0       0       0       0       
      +0       0       0       0       0
   516 ;;      Temps:          0       0       0       0       0       0       0       0       0       0       0       0       
      +0       0       0       0       0
   517 ;;      Totals:         2       0       0       0       0       0       0       0       0       0       0       0       
      +0       0       0       0       0
   518 ;;Total ram usage:        2 bytes
   519 ;; Hardware stack levels used: 1
   520 ;; Hardware stack levels required when called: 2
   521 ;; This function calls:
   522 ;;		_gpio_pin_initialize
   523 ;; This function is called by:
   524 ;;		_ecu_layer_initialize
   525 ;; This function uses a non-reentrant model
   526 ;;
   527                           
   528                           	psect	text3
   529   00137E                     __ptext3:
   530                           	callstack 0
   531   00137E                     _dc_motor_initialize:
   532                           	callstack 26
   533   00137E                     
   534                           ;ECU_Layer/DC_Motor/ecu_dc_motor.c: 30:     if(_dc_motor != ((void*)0))
   535   00137E  504E               	movf	dc_motor_initialize@_dc_motor^0,w,c
   536   001380  B4D8               	btfsc	status,2,c
   537   001382  EFC5  F009         	goto	u1251
   538   001386  EFC7  F009         	goto	u1250
   539   00138A                     u1251:
   540   00138A  EFD3  F009         	goto	l2115
   541   00138E                     u1250:
   542   00138E                     
   543                           ;ECU_Layer/DC_Motor/ecu_dc_motor.c: 31:     {;ECU_Layer/DC_Motor/ecu_dc_motor.c: 32:    
      +                               ret = gpio_pin_initialize(&(_dc_motor->dc_motor_pin[DC_MOTOR_PIN1]));
   544   00138E  C04E  F04B         	movff	dc_motor_initialize@_dc_motor,gpio_pin_initialize@_pin_config
   545   001392  EC46  F009         	call	_gpio_pin_initialize	;wreg free
   546   001396  6E4F               	movwf	dc_motor_initialize@ret^0,c
   547                           
   548                           ;ECU_Layer/DC_Motor/ecu_dc_motor.c: 33:         ret = gpio_pin_initialize(&(_dc_motor->d
      +                          c_motor_pin[DC_MOTOR_PIN2]));
   549   001398  284E               	incf	dc_motor_initialize@_dc_motor^0,w,c
   550   00139A  6E4B               	movwf	gpio_pin_initialize@_pin_config^0,c
   551   00139C  EC46  F009         	call	_gpio_pin_initialize	;wreg free
   552   0013A0  6E4F               	movwf	dc_motor_initialize@ret^0,c
   553                           
   554                           ;ECU_Layer/DC_Motor/ecu_dc_motor.c: 34:     }
   555   0013A2  EFD5  F009         	goto	l199
   556   0013A6                     l2115:
   557   0013A6  0E00               	movlw	0
   558   0013A8  6E4F               	movwf	dc_motor_initialize@ret^0,c
   559   0013AA                     l199:
   560                           
   561                           ;ECU_Layer/DC_Motor/ecu_dc_motor.c: 37:     return ret;
   562   0013AA  504F               	movf	dc_motor_initialize@ret^0,w,c
   563   0013AC  0012               	return		;funcret
   564   0013AE                     __end_of_dc_motor_initialize:
   565                           	callstack 0
   566                           
   567 ;; *************** function _gpio_pin_initialize *****************
   568 ;; Defined at:
   569 ;;		line 160 in file "MCAL_Layer/GPIO/hal_gpio.c"
   570 ;; Parameters:    Size  Location     Type
   571 ;;  _pin_config     1    8[COMRAM] PTR const struct .
   572 ;;		 -> motor1$dc_motor_pin(2), motor1(2), relay_initialize@pin(1), led_initialize@pin(1), 
   573 ;; Auto vars:     Size  Location     Type
   574 ;;  ret             1   10[COMRAM] unsigned char 
   575 ;; Return value:  Size  Location     Type
   576 ;;                  1    wreg      unsigned char 
   577 ;; Registers used:
   578 ;;		wreg, fsr2l, fsr2h, status,2, status,0, prodl, prodh, cstack
   579 ;; Tracked objects:
   580 ;;		On entry : 0/0
   581 ;;		On exit  : 0/0
   582 ;;		Unchanged: 0/0
   583 ;; Data sizes:     COMRAM   BANK0   BANK1   BANK2   BANK3   BANK4   BANK5   BANK6   BANK7   BANK8   BANK9  BANK10  BANK1
      +1  BANK12  BANK13  BANK14  BANK15
   584 ;;      Params:         1       0       0       0       0       0       0       0       0       0       0       0       
      +0       0       0       0       0
   585 ;;      Locals:         1       0       0       0       0       0       0       0       0       0       0       0       
      +0       0       0       0       0
   586 ;;      Temps:          1       0       0       0       0       0       0       0       0       0       0       0       
      +0       0       0       0       0
   587 ;;      Totals:         3       0       0       0       0       0       0       0       0       0       0       0       
      +0       0       0       0       0
   588 ;;Total ram usage:        3 bytes
   589 ;; Hardware stack levels used: 1
   590 ;; Hardware stack levels required when called: 1
   591 ;; This function calls:
   592 ;;		_gpio_pin_direction_initialize
   593 ;;		_gpio_pin_write_logic
   594 ;; This function is called by:
   595 ;;		_dc_motor_initialize
   596 ;;		_lcd_4bit_initialize
   597 ;;		_lcd_8bit_initialize
   598 ;;		_keypad_initialize
   599 ;;		_led_initialize
   600 ;;		_relay_initialize
   601 ;;		_seven_segment_initialize
   602 ;; This function uses a non-reentrant model
   603 ;;
   604                           
   605                           	psect	text4
   606   00128C                     __ptext4:
   607                           	callstack 0
   608   00128C                     _gpio_pin_initialize:
   609                           	callstack 26
   610   00128C                     
   611                           ;MCAL_Layer/GPIO/hal_gpio.c: 163:     if((_pin_config != ((void*)0)) && (_pin_config->po
      +                          rt <= 5 -1) && (_pin_config->pin <= 8 -1))
   612   00128C  504B               	movf	gpio_pin_initialize@_pin_config^0,w,c
   613   00128E  B4D8               	btfsc	status,2,c
   614   001290  EF4C  F009         	goto	u1221
   615   001294  EF4E  F009         	goto	u1220
   616   001298                     u1221:
   617   001298  EF7F  F009         	goto	l2107
   618   00129C                     u1220:
   619   00129C  504B               	movf	gpio_pin_initialize@_pin_config^0,w,c
   620   00129E  6ED9               	movwf	fsr2l,c
   621   0012A0  6ADA               	clrf	fsr2h,c
   622   0012A2  50DF               	movf	223,w,c
   623   0012A4  0B07               	andlw	7
   624   0012A6  6E4C               	movwf	??_gpio_pin_initialize^0,c
   625   0012A8  0E05               	movlw	5
   626   0012AA  604C               	cpfslt	??_gpio_pin_initialize^0,c
   627   0012AC  EF5A  F009         	goto	u1231
   628   0012B0  EF5C  F009         	goto	u1230
   629   0012B4                     u1231:
   630   0012B4  EF7F  F009         	goto	l2107
   631   0012B8                     u1230:
   632   0012B8  504B               	movf	gpio_pin_initialize@_pin_config^0,w,c
   633   0012BA  6ED9               	movwf	fsr2l,c
   634   0012BC  6ADA               	clrf	fsr2h,c
   635   0012BE  30DF               	rrcf	223,w,c
   636   0012C0  32E8               	rrcf	wreg,f,c
   637   0012C2  32E8               	rrcf	wreg,f,c
   638   0012C4  0B07               	andlw	7
   639   0012C6  6E4C               	movwf	??_gpio_pin_initialize^0,c
   640   0012C8  0E08               	movlw	8
   641   0012CA  604C               	cpfslt	??_gpio_pin_initialize^0,c
   642   0012CC  EF6A  F009         	goto	u1241
   643   0012D0  EF6C  F009         	goto	u1240
   644   0012D4                     u1241:
   645   0012D4  EF7F  F009         	goto	l2107
   646   0012D8                     u1240:
   647   0012D8                     
   648                           ;MCAL_Layer/GPIO/hal_gpio.c: 164:     {;MCAL_Layer/GPIO/hal_gpio.c: 165:         ret = g
      +                          pio_pin_direction_initialize(_pin_config);
   649   0012D8  C04B  F043         	movff	gpio_pin_initialize@_pin_config,gpio_pin_direction_initialize@_pin_config
   650   0012DC  ECAD  F008         	call	_gpio_pin_direction_initialize	;wreg free
   651   0012E0  6E4D               	movwf	gpio_pin_initialize@ret^0,c
   652                           
   653                           ;MCAL_Layer/GPIO/hal_gpio.c: 166:         ret = gpio_pin_write_logic(_pin_config,_pin_co
      +                          nfig->logic);
   654   0012E2  C04B  F043         	movff	gpio_pin_initialize@_pin_config,gpio_pin_write_logic@_pin_config
   655   0012E6  504B               	movf	gpio_pin_initialize@_pin_config^0,w,c
   656   0012E8  6ED9               	movwf	fsr2l,c
   657   0012EA  6ADA               	clrf	fsr2h,c
   658   0012EC  0E00               	movlw	0
   659   0012EE  BEDF               	btfsc	indf2,7,c
   660   0012F0  0E01               	movlw	1
   661   0012F2  6E44               	movwf	gpio_pin_write_logic@logic^0,c
   662   0012F4  EC0B  F008         	call	_gpio_pin_write_logic	;wreg free
   663   0012F8  6E4D               	movwf	gpio_pin_initialize@ret^0,c
   664                           
   665                           ;MCAL_Layer/GPIO/hal_gpio.c: 167:     }
   666   0012FA  EF81  F009         	goto	l417
   667   0012FE                     l2107:
   668   0012FE  0E00               	movlw	0
   669   001300  6E4D               	movwf	gpio_pin_initialize@ret^0,c
   670   001302                     l417:
   671                           
   672                           ;MCAL_Layer/GPIO/hal_gpio.c: 169:     return ret;
   673   001302  504D               	movf	gpio_pin_initialize@ret^0,w,c
   674   001304  0012               	return		;funcret
   675   001306                     __end_of_gpio_pin_initialize:
   676                           	callstack 0
   677                           
   678 ;; *************** function _gpio_pin_write_logic *****************
   679 ;; Defined at:
   680 ;;		line 86 in file "MCAL_Layer/GPIO/hal_gpio.c"
   681 ;; Parameters:    Size  Location     Type
   682 ;;  _pin_config     1    0[COMRAM] PTR const struct .
   683 ;;		 -> motor1$dc_motor_pin(2), motor1(2), relay_turn_off@pin(1), relay_turn_on@pin(1), 
   684 ;;		 -> relay_initialize@pin(1), led_turn_off@pin(1), led_turn_on@pin(1), led_initialize@pin(1), 
   685 ;;  logic           1    1[COMRAM] enum E3002
   686 ;; Auto vars:     Size  Location     Type
   687 ;;  ret             1    7[COMRAM] unsigned char 
   688 ;; Return value:  Size  Location     Type
   689 ;;                  1    wreg      unsigned char 
   690 ;; Registers used:
   691 ;;		wreg, fsr2l, fsr2h, status,2, status,0, prodl, prodh
   692 ;; Tracked objects:
   693 ;;		On entry : 0/0
   694 ;;		On exit  : 0/0
   695 ;;		Unchanged: 0/0
   696 ;; Data sizes:     COMRAM   BANK0   BANK1   BANK2   BANK3   BANK4   BANK5   BANK6   BANK7   BANK8   BANK9  BANK10  BANK1
      +1  BANK12  BANK13  BANK14  BANK15
   697 ;;      Params:         2       0       0       0       0       0       0       0       0       0       0       0       
      +0       0       0       0       0
   698 ;;      Locals:         1       0       0       0       0       0       0       0       0       0       0       0       
      +0       0       0       0       0
   699 ;;      Temps:          5       0       0       0       0       0       0       0       0       0       0       0       
      +0       0       0       0       0
   700 ;;      Totals:         8       0       0       0       0       0       0       0       0       0       0       0       
      +0       0       0       0       0
   701 ;;Total ram usage:        8 bytes
   702 ;; Hardware stack levels used: 1
   703 ;; This function calls:
   704 ;;		Nothing
   705 ;; This function is called by:
   706 ;;		_gpio_pin_initialize
   707 ;;		_lcd_4bit_send_command
   708 ;;		_lcd_4bit_send_char_data
   709 ;;		_lcd_8bit_send_command
   710 ;;		_lcd_8bit_send_char_data
   711 ;;		_lcd_send_4bits
   712 ;;		_lcd_4bit_send_enable_signal
   713 ;;		_lcd_8bit_send_enable_signal
   714 ;;		_dc_motor_move_right
   715 ;;		_dc_motor_move_left
   716 ;;		_dc_motor_stop
   717 ;;		_keypad_get_value
   718 ;;		_led_turn_on
   719 ;;		_led_turn_off
   720 ;;		_relay_turn_on
   721 ;;		_relay_turn_off
   722 ;;		_seven_segment_write_number
   723 ;; This function uses a non-reentrant model
   724 ;;
   725                           
   726                           	psect	text5
   727   001016                     __ptext5:
   728                           	callstack 0
   729   001016                     _gpio_pin_write_logic:
   730                           	callstack 26
   731   001016                     
   732                           ;MCAL_Layer/GPIO/hal_gpio.c: 86: Std_ReturnType gpio_pin_write_logic(const pin_config_t 
      +                          *_pin_config , logic_t logic);MCAL_Layer/GPIO/hal_gpio.c: 87: {;MCAL_Layer/GPIO/hal_gpio
      +                          .c: 88:     Std_ReturnType ret = (Std_ReturnType)0x01;
   733   001016  0E01               	movlw	1
   734   001018  6E4A               	movwf	gpio_pin_write_logic@ret^0,c
   735                           
   736                           ;MCAL_Layer/GPIO/hal_gpio.c: 89:     if((_pin_config != ((void*)0)) && (_pin_config->por
      +                          t <= 5 -1) && (_pin_config->pin <= 8 -1))
   737   00101A  5043               	movf	gpio_pin_write_logic@_pin_config^0,w,c
   738   00101C  B4D8               	btfsc	status,2,c
   739   00101E  EF13  F008         	goto	u1161
   740   001022  EF15  F008         	goto	u1160
   741   001026                     u1161:
   742   001026  EF92  F008         	goto	l2085
   743   00102A                     u1160:
   744   00102A  5043               	movf	gpio_pin_write_logic@_pin_config^0,w,c
   745   00102C  6ED9               	movwf	fsr2l,c
   746   00102E  6ADA               	clrf	fsr2h,c
   747   001030  50DF               	movf	223,w,c
   748   001032  0B07               	andlw	7
   749   001034  6E45               	movwf	??_gpio_pin_write_logic^0,c
   750   001036  0E05               	movlw	5
   751   001038  6045               	cpfslt	??_gpio_pin_write_logic^0,c
   752   00103A  EF21  F008         	goto	u1171
   753   00103E  EF23  F008         	goto	u1170
   754   001042                     u1171:
   755   001042  EF92  F008         	goto	l2085
   756   001046                     u1170:
   757   001046  5043               	movf	gpio_pin_write_logic@_pin_config^0,w,c
   758   001048  6ED9               	movwf	fsr2l,c
   759   00104A  6ADA               	clrf	fsr2h,c
   760   00104C  30DF               	rrcf	223,w,c
   761   00104E  32E8               	rrcf	wreg,f,c
   762   001050  32E8               	rrcf	wreg,f,c
   763   001052  0B07               	andlw	7
   764   001054  6E45               	movwf	??_gpio_pin_write_logic^0,c
   765   001056  0E08               	movlw	8
   766   001058  6045               	cpfslt	??_gpio_pin_write_logic^0,c
   767   00105A  EF31  F008         	goto	u1181
   768   00105E  EF33  F008         	goto	u1180
   769   001062                     u1181:
   770   001062  EF92  F008         	goto	l2085
   771   001066                     u1180:
   772   001066                     
   773                           ;MCAL_Layer/GPIO/hal_gpio.c: 90:     {;MCAL_Layer/GPIO/hal_gpio.c: 91:         if(_pin_c
      +                          onfig->direction == GPIO_DIRECTION_OUTPUT)
   774   001066  5043               	movf	gpio_pin_write_logic@_pin_config^0,w,c
   775   001068  6ED9               	movwf	fsr2l,c
   776   00106A  6ADA               	clrf	fsr2h,c
   777   00106C  BCDF               	btfsc	indf2,6,c
   778   00106E  EF3B  F008         	goto	u1191
   779   001072  EF3D  F008         	goto	u1190
   780   001076                     u1191:
   781   001076  EF92  F008         	goto	l2085
   782   00107A                     u1190:
   783   00107A  EF96  F008         	goto	l2087
   784   00107E                     l2081:
   785                           
   786                           ;MCAL_Layer/GPIO/hal_gpio.c: 96:                     (*lat_registers[_pin_config->port] 
      +                          &=~ ((uint8)0x01 << _pin_config->pin));
   787   00107E  5043               	movf	gpio_pin_write_logic@_pin_config^0,w,c
   788   001080  6ED9               	movwf	fsr2l,c
   789   001082  6ADA               	clrf	fsr2h,c
   790   001084  30DF               	rrcf	223,w,c
   791   001086  32E8               	rrcf	wreg,f,c
   792   001088  32E8               	rrcf	wreg,f,c
   793   00108A  0B07               	andlw	7
   794   00108C  6E45               	movwf	??_gpio_pin_write_logic^0,c
   795   00108E  0E01               	movlw	1
   796   001090  6E46               	movwf	(??_gpio_pin_write_logic+1)^0,c
   797   001092  2A45               	incf	??_gpio_pin_write_logic^0,f,c
   798   001094  EF4E  F008         	goto	u1204
   799   001098                     u1205:
   800   001098  90D8               	bcf	status,0,c
   801   00109A  3646               	rlcf	(??_gpio_pin_write_logic+1)^0,f,c
   802   00109C                     u1204:
   803   00109C  2E45               	decfsz	??_gpio_pin_write_logic^0,f,c
   804   00109E  EF4C  F008         	goto	u1205
   805   0010A2  5046               	movf	(??_gpio_pin_write_logic+1)^0,w,c
   806   0010A4  0AFF               	xorlw	255
   807   0010A6  6E47               	movwf	(??_gpio_pin_write_logic+2)^0,c
   808   0010A8  5043               	movf	gpio_pin_write_logic@_pin_config^0,w,c
   809   0010AA  6ED9               	movwf	fsr2l,c
   810   0010AC  6ADA               	clrf	fsr2h,c
   811   0010AE  50DF               	movf	223,w,c
   812   0010B0  0B07               	andlw	7
   813   0010B2  0D02               	mullw	2
   814   0010B4  50F3               	movf	243,w,c
   815   0010B6  0F0B               	addlw	low _lat_registers
   816   0010B8  6ED9               	movwf	fsr2l,c
   817   0010BA  6ADA               	clrf	fsr2h,c
   818   0010BC  CFDE F048          	movff	postinc2,??_gpio_pin_write_logic+3
   819   0010C0  CFDD F049          	movff	postdec2,??_gpio_pin_write_logic+4
   820   0010C4  C048  FFD9         	movff	??_gpio_pin_write_logic+3,fsr2l
   821   0010C8  C049  FFDA         	movff	??_gpio_pin_write_logic+4,fsr2h
   822   0010CC  5047               	movf	(??_gpio_pin_write_logic+2)^0,w,c
   823   0010CE  16DF               	andwf	indf2,f,c
   824                           
   825                           ;MCAL_Layer/GPIO/hal_gpio.c: 97:                     break;
   826   0010D0  EFAB  F008         	goto	l402
   827   0010D4                     l2083:
   828                           
   829                           ;MCAL_Layer/GPIO/hal_gpio.c: 99:                     (*lat_registers[_pin_config->port] 
      +                          |= ((uint8)0x01 << _pin_config->pin));
   830   0010D4  5043               	movf	gpio_pin_write_logic@_pin_config^0,w,c
   831   0010D6  6ED9               	movwf	fsr2l,c
   832   0010D8  6ADA               	clrf	fsr2h,c
   833   0010DA  30DF               	rrcf	223,w,c
   834   0010DC  32E8               	rrcf	wreg,f,c
   835   0010DE  32E8               	rrcf	wreg,f,c
   836   0010E0  0B07               	andlw	7
   837   0010E2  6E45               	movwf	??_gpio_pin_write_logic^0,c
   838   0010E4  0E01               	movlw	1
   839   0010E6  6E46               	movwf	(??_gpio_pin_write_logic+1)^0,c
   840   0010E8  2A45               	incf	??_gpio_pin_write_logic^0,f,c
   841   0010EA  EF79  F008         	goto	u1214
   842   0010EE                     u1215:
   843   0010EE  90D8               	bcf	status,0,c
   844   0010F0  3646               	rlcf	(??_gpio_pin_write_logic+1)^0,f,c
   845   0010F2                     u1214:
   846   0010F2  2E45               	decfsz	??_gpio_pin_write_logic^0,f,c
   847   0010F4  EF77  F008         	goto	u1215
   848   0010F8  5043               	movf	gpio_pin_write_logic@_pin_config^0,w,c
   849   0010FA  6ED9               	movwf	fsr2l,c
   850   0010FC  6ADA               	clrf	fsr2h,c
   851   0010FE  50DF               	movf	223,w,c
   852   001100  0B07               	andlw	7
   853   001102  0D02               	mullw	2
   854   001104  50F3               	movf	243,w,c
   855   001106  0F0B               	addlw	low _lat_registers
   856   001108  6ED9               	movwf	fsr2l,c
   857   00110A  6ADA               	clrf	fsr2h,c
   858   00110C  CFDE F047          	movff	postinc2,??_gpio_pin_write_logic+2
   859   001110  CFDD F048          	movff	postdec2,??_gpio_pin_write_logic+3
   860   001114  C047  FFD9         	movff	??_gpio_pin_write_logic+2,fsr2l
   861   001118  C048  FFDA         	movff	??_gpio_pin_write_logic+3,fsr2h
   862   00111C  5046               	movf	(??_gpio_pin_write_logic+1)^0,w,c
   863   00111E  12DF               	iorwf	indf2,f,c
   864                           
   865                           ;MCAL_Layer/GPIO/hal_gpio.c: 100:                     break;
   866   001120  EFAB  F008         	goto	l402
   867   001124                     l2085:
   868   001124  0E00               	movlw	0
   869   001126  6E4A               	movwf	gpio_pin_write_logic@ret^0,c
   870                           
   871                           ;MCAL_Layer/GPIO/hal_gpio.c: 102:             }
   872   001128  EFAB  F008         	goto	l402
   873   00112C                     l2087:
   874   00112C  5044               	movf	gpio_pin_write_logic@logic^0,w,c
   875   00112E  6E45               	movwf	??_gpio_pin_write_logic^0,c
   876   001130  6A46               	clrf	(??_gpio_pin_write_logic+1)^0,c
   877                           
   878                           ; Switch on 2 bytes has been partitioned into a top level switch of size 1, and 1 sub-sw
      +                          itches
   879                           ; Switch size 1, requested type "simple"
   880                           ; Number of cases is 1, Range of values is 0 to 0
   881                           ; switch strategies available:
   882                           ; Name         Instructions Cycles
   883                           ; simple_byte            4     3 (average)
   884                           ;	Chosen strategy is simple_byte
   885   001132  5046               	movf	(??_gpio_pin_write_logic+1)^0,w,c
   886   001134  0A00               	xorlw	0	; case 0
   887   001136  B4D8               	btfsc	status,2,c
   888   001138  EFA0  F008         	goto	l2765
   889   00113C  EF92  F008         	goto	l2085
   890   001140                     l2765:
   891                           
   892                           ; Switch size 1, requested type "simple"
   893                           ; Number of cases is 2, Range of values is 0 to 1
   894                           ; switch strategies available:
   895                           ; Name         Instructions Cycles
   896                           ; simple_byte            7     4 (average)
   897                           ;	Chosen strategy is simple_byte
   898   001140  5045               	movf	??_gpio_pin_write_logic^0,w,c
   899   001142  0A00               	xorlw	0	; case 0
   900   001144  B4D8               	btfsc	status,2,c
   901   001146  EF3F  F008         	goto	l2081
   902   00114A  0A01               	xorlw	1	; case 1
   903   00114C  B4D8               	btfsc	status,2,c
   904   00114E  EF6A  F008         	goto	l2083
   905   001152  EF92  F008         	goto	l2085
   906   001156                     l402:
   907                           
   908                           ;MCAL_Layer/GPIO/hal_gpio.c: 107:     return ret;
   909   001156  504A               	movf	gpio_pin_write_logic@ret^0,w,c
   910   001158  0012               	return		;funcret
   911   00115A                     __end_of_gpio_pin_write_logic:
   912                           	callstack 0
   913                           
   914 ;; *************** function _gpio_pin_direction_initialize *****************
   915 ;; Defined at:
   916 ;;		line 34 in file "MCAL_Layer/GPIO/hal_gpio.c"
   917 ;; Parameters:    Size  Location     Type
   918 ;;  _pin_config     1    0[COMRAM] PTR const struct .
   919 ;;		 -> motor1$dc_motor_pin(2), motor1(2), relay_initialize@pin(1), led_initialize@pin(1), 
   920 ;; Auto vars:     Size  Location     Type
   921 ;;  ret             1    6[COMRAM] unsigned char 
   922 ;; Return value:  Size  Location     Type
   923 ;;                  1    wreg      unsigned char 
   924 ;; Registers used:
   925 ;;		wreg, fsr2l, fsr2h, status,2, status,0, prodl, prodh
   926 ;; Tracked objects:
   927 ;;		On entry : 0/0
   928 ;;		On exit  : 0/0
   929 ;;		Unchanged: 0/0
   930 ;; Data sizes:     COMRAM   BANK0   BANK1   BANK2   BANK3   BANK4   BANK5   BANK6   BANK7   BANK8   BANK9  BANK10  BANK1
      +1  BANK12  BANK13  BANK14  BANK15
   931 ;;      Params:         1       0       0       0       0       0       0       0       0       0       0       0       
      +0       0       0       0       0
   932 ;;      Locals:         1       0       0       0       0       0       0       0       0       0       0       0       
      +0       0       0       0       0
   933 ;;      Temps:          5       0       0       0       0       0       0       0       0       0       0       0       
      +0       0       0       0       0
   934 ;;      Totals:         7       0       0       0       0       0       0       0       0       0       0       0       
      +0       0       0       0       0
   935 ;;Total ram usage:        7 bytes
   936 ;; Hardware stack levels used: 1
   937 ;; This function calls:
   938 ;;		Nothing
   939 ;; This function is called by:
   940 ;;		_gpio_pin_initialize
   941 ;;		_button_initialize
   942 ;;		_keypad_initialize
   943 ;; This function uses a non-reentrant model
   944 ;;
   945                           
   946                           	psect	text6
   947   00115A                     __ptext6:
   948                           	callstack 0
   949   00115A                     _gpio_pin_direction_initialize:
   950                           	callstack 26
   951   00115A                     
   952                           ;MCAL_Layer/GPIO/hal_gpio.c: 34: Std_ReturnType gpio_pin_direction_initialize(const pin_
      +                          config_t *_pin_config);MCAL_Layer/GPIO/hal_gpio.c: 35: {;MCAL_Layer/GPIO/hal_gpio.c: 36:
      +                               Std_ReturnType ret = (Std_ReturnType)0x01;
   953   00115A  0E01               	movlw	1
   954   00115C  6E49               	movwf	gpio_pin_direction_initialize@ret^0,c
   955                           
   956                           ;MCAL_Layer/GPIO/hal_gpio.c: 37:     if((_pin_config != ((void*)0)) && (_pin_config->por
      +                          t <= 5 -1) && (_pin_config->pin <= 8 -1))
   957   00115E  5043               	movf	gpio_pin_direction_initialize@_pin_config^0,w,c
   958   001160  B4D8               	btfsc	status,2,c
   959   001162  EFB5  F008         	goto	u1101
   960   001166  EFB7  F008         	goto	u1100
   961   00116A                     u1101:
   962   00116A  EF2A  F009         	goto	l2063
   963   00116E                     u1100:
   964   00116E  5043               	movf	gpio_pin_direction_initialize@_pin_config^0,w,c
   965   001170  6ED9               	movwf	fsr2l,c
   966   001172  6ADA               	clrf	fsr2h,c
   967   001174  50DF               	movf	223,w,c
   968   001176  0B07               	andlw	7
   969   001178  6E44               	movwf	??_gpio_pin_direction_initialize^0,c
   970   00117A  0E05               	movlw	5
   971   00117C  6044               	cpfslt	??_gpio_pin_direction_initialize^0,c
   972   00117E  EFC3  F008         	goto	u1111
   973   001182  EFC5  F008         	goto	u1110
   974   001186                     u1111:
   975   001186  EF2A  F009         	goto	l2063
   976   00118A                     u1110:
   977   00118A  5043               	movf	gpio_pin_direction_initialize@_pin_config^0,w,c
   978   00118C  6ED9               	movwf	fsr2l,c
   979   00118E  6ADA               	clrf	fsr2h,c
   980   001190  30DF               	rrcf	223,w,c
   981   001192  32E8               	rrcf	wreg,f,c
   982   001194  32E8               	rrcf	wreg,f,c
   983   001196  0B07               	andlw	7
   984   001198  6E44               	movwf	??_gpio_pin_direction_initialize^0,c
   985   00119A  0E08               	movlw	8
   986   00119C  6044               	cpfslt	??_gpio_pin_direction_initialize^0,c
   987   00119E  EFD3  F008         	goto	u1121
   988   0011A2  EFD5  F008         	goto	u1120
   989   0011A6                     u1121:
   990   0011A6  EF2A  F009         	goto	l2063
   991   0011AA                     u1120:
   992   0011AA  EF2E  F009         	goto	l2065
   993   0011AE                     l2059:
   994                           
   995                           ;MCAL_Layer/GPIO/hal_gpio.c: 42:                 (*tris_registers[_pin_config->port] &=~
      +                           ((uint8)0x01 << _pin_config->pin));
   996   0011AE  5043               	movf	gpio_pin_direction_initialize@_pin_config^0,w,c
   997   0011B0  6ED9               	movwf	fsr2l,c
   998   0011B2  6ADA               	clrf	fsr2h,c
   999   0011B4  30DF               	rrcf	223,w,c
  1000   0011B6  32E8               	rrcf	wreg,f,c
  1001   0011B8  32E8               	rrcf	wreg,f,c
  1002   0011BA  0B07               	andlw	7
  1003   0011BC  6E44               	movwf	??_gpio_pin_direction_initialize^0,c
  1004   0011BE  0E01               	movlw	1
  1005   0011C0  6E45               	movwf	(??_gpio_pin_direction_initialize+1)^0,c
  1006   0011C2  2A44               	incf	??_gpio_pin_direction_initialize^0,f,c
  1007   0011C4  EFE6  F008         	goto	u1134
  1008   0011C8                     u1135:
  1009   0011C8  90D8               	bcf	status,0,c
  1010   0011CA  3645               	rlcf	(??_gpio_pin_direction_initialize+1)^0,f,c
  1011   0011CC                     u1134:
  1012   0011CC  2E44               	decfsz	??_gpio_pin_direction_initialize^0,f,c
  1013   0011CE  EFE4  F008         	goto	u1135
  1014   0011D2  5045               	movf	(??_gpio_pin_direction_initialize+1)^0,w,c
  1015   0011D4  0AFF               	xorlw	255
  1016   0011D6  6E46               	movwf	(??_gpio_pin_direction_initialize+2)^0,c
  1017   0011D8  5043               	movf	gpio_pin_direction_initialize@_pin_config^0,w,c
  1018   0011DA  6ED9               	movwf	fsr2l,c
  1019   0011DC  6ADA               	clrf	fsr2h,c
  1020   0011DE  50DF               	movf	223,w,c
  1021   0011E0  0B07               	andlw	7
  1022   0011E2  0D02               	mullw	2
  1023   0011E4  50F3               	movf	243,w,c
  1024   0011E6  0F15               	addlw	low _tris_registers
  1025   0011E8  6ED9               	movwf	fsr2l,c
  1026   0011EA  6ADA               	clrf	fsr2h,c
  1027   0011EC  CFDE F047          	movff	postinc2,??_gpio_pin_direction_initialize+3
  1028   0011F0  CFDD F048          	movff	postdec2,??_gpio_pin_direction_initialize+4
  1029   0011F4  C047  FFD9         	movff	??_gpio_pin_direction_initialize+3,fsr2l
  1030   0011F8  C048  FFDA         	movff	??_gpio_pin_direction_initialize+4,fsr2h
  1031   0011FC  5046               	movf	(??_gpio_pin_direction_initialize+2)^0,w,c
  1032   0011FE  16DF               	andwf	indf2,f,c
  1033                           
  1034                           ;MCAL_Layer/GPIO/hal_gpio.c: 43:                 break;
  1035   001200  EF44  F009         	goto	l385
  1036   001204                     l2061:
  1037                           
  1038                           ;MCAL_Layer/GPIO/hal_gpio.c: 45:                 (*tris_registers[_pin_config->port] |= 
      +                          ((uint8)0x01 << _pin_config->pin));
  1039   001204  5043               	movf	gpio_pin_direction_initialize@_pin_config^0,w,c
  1040   001206  6ED9               	movwf	fsr2l,c
  1041   001208  6ADA               	clrf	fsr2h,c
  1042   00120A  30DF               	rrcf	223,w,c
  1043   00120C  32E8               	rrcf	wreg,f,c
  1044   00120E  32E8               	rrcf	wreg,f,c
  1045   001210  0B07               	andlw	7
  1046   001212  6E44               	movwf	??_gpio_pin_direction_initialize^0,c
  1047   001214  0E01               	movlw	1
  1048   001216  6E45               	movwf	(??_gpio_pin_direction_initialize+1)^0,c
  1049   001218  2A44               	incf	??_gpio_pin_direction_initialize^0,f,c
  1050   00121A  EF11  F009         	goto	u1144
  1051   00121E                     u1145:
  1052   00121E  90D8               	bcf	status,0,c
  1053   001220  3645               	rlcf	(??_gpio_pin_direction_initialize+1)^0,f,c
  1054   001222                     u1144:
  1055   001222  2E44               	decfsz	??_gpio_pin_direction_initialize^0,f,c
  1056   001224  EF0F  F009         	goto	u1145
  1057   001228  5043               	movf	gpio_pin_direction_initialize@_pin_config^0,w,c
  1058   00122A  6ED9               	movwf	fsr2l,c
  1059   00122C  6ADA               	clrf	fsr2h,c
  1060   00122E  50DF               	movf	223,w,c
  1061   001230  0B07               	andlw	7
  1062   001232  0D02               	mullw	2
  1063   001234  50F3               	movf	243,w,c
  1064   001236  0F15               	addlw	low _tris_registers
  1065   001238  6ED9               	movwf	fsr2l,c
  1066   00123A  6ADA               	clrf	fsr2h,c
  1067   00123C  CFDE F046          	movff	postinc2,??_gpio_pin_direction_initialize+2
  1068   001240  CFDD F047          	movff	postdec2,??_gpio_pin_direction_initialize+3
  1069   001244  C046  FFD9         	movff	??_gpio_pin_direction_initialize+2,fsr2l
  1070   001248  C047  FFDA         	movff	??_gpio_pin_direction_initialize+3,fsr2h
  1071   00124C  5045               	movf	(??_gpio_pin_direction_initialize+1)^0,w,c
  1072   00124E  12DF               	iorwf	indf2,f,c
  1073                           
  1074                           ;MCAL_Layer/GPIO/hal_gpio.c: 46:                 break;
  1075   001250  EF44  F009         	goto	l385
  1076   001254                     l2063:
  1077   001254  0E00               	movlw	0
  1078   001256  6E49               	movwf	gpio_pin_direction_initialize@ret^0,c
  1079                           
  1080                           ;MCAL_Layer/GPIO/hal_gpio.c: 48:         }
  1081   001258  EF44  F009         	goto	l385
  1082   00125C                     l2065:
  1083   00125C  5043               	movf	gpio_pin_direction_initialize@_pin_config^0,w,c
  1084   00125E  6ED9               	movwf	fsr2l,c
  1085   001260  6ADA               	clrf	fsr2h,c
  1086   001262  BCDF               	btfsc	indf2,6,c
  1087   001264  EF36  F009         	goto	u1151
  1088   001268  EF39  F009         	goto	u1150
  1089   00126C                     u1151:
  1090   00126C  0E01               	movlw	1
  1091   00126E  EF3A  F009         	goto	u1156
  1092   001272                     u1150:
  1093   001272  0E00               	movlw	0
  1094   001274                     u1156:
  1095                           
  1096                           ; Switch size 1, requested type "simple"
  1097                           ; Number of cases is 2, Range of values is 0 to 1
  1098                           ; switch strategies available:
  1099                           ; Name         Instructions Cycles
  1100                           ; simple_byte            7     4 (average)
  1101                           ;	Chosen strategy is simple_byte
  1102   001274  0A00               	xorlw	0	; case 0
  1103   001276  B4D8               	btfsc	status,2,c
  1104   001278  EFD7  F008         	goto	l2059
  1105   00127C  0A01               	xorlw	1	; case 1
  1106   00127E  B4D8               	btfsc	status,2,c
  1107   001280  EF02  F009         	goto	l2061
  1108   001284  EF2A  F009         	goto	l2063
  1109   001288                     l385:
  1110                           
  1111                           ;MCAL_Layer/GPIO/hal_gpio.c: 52:     return ret;
  1112   001288  5049               	movf	gpio_pin_direction_initialize@ret^0,w,c
  1113   00128A  0012               	return		;funcret
  1114   00128C                     __end_of_gpio_pin_direction_initialize:
  1115                           	callstack 0
  1116                           
  1117                           	psect	rparam
  1118   000000                     
  1119                           	psect	config
  1120                           
  1121                           ; Padding undefined space
  1122   300000                     	org	3145728
  1123   300000  FF                 	db	255
  1124                           
  1125                           ;Config register CONFIG1H @ 0x300001
  1126                           ;	Oscillator Selection bits
  1127                           ;	OSC = HS, HS oscillator
  1128                           ;	Fail-Safe Clock Monitor Enable bit
  1129                           ;	FCMEN = OFF, Fail-Safe Clock Monitor disabled
  1130                           ;	Internal/External Oscillator Switchover bit
  1131                           ;	IESO = OFF, Oscillator Switchover mode disabled
  1132   300001                     	org	3145729
  1133   300001  02                 	db	2
  1134                           
  1135                           ;Config register CONFIG2L @ 0x300002
  1136                           ;	Power-up Timer Enable bit
  1137                           ;	PWRT = OFF, PWRT disabled
  1138                           ;	Brown-out Reset Enable bits
  1139                           ;	BOREN = OFF, Brown-out Reset disabled in hardware and software
  1140                           ;	Brown Out Reset Voltage bits
  1141                           ;	BORV = 1, 
  1142   300002                     	org	3145730
  1143   300002  09                 	db	9
  1144                           
  1145                           ;Config register CONFIG2H @ 0x300003
  1146                           ;	Watchdog Timer Enable bit
  1147                           ;	WDT = OFF, WDT disabled (control is placed on the SWDTEN bit)
  1148                           ;	Watchdog Timer Postscale Select bits
  1149                           ;	WDTPS = 32768, 1:32768
  1150   300003                     	org	3145731
  1151   300003  1E                 	db	30
  1152                           
  1153                           ; Padding undefined space
  1154   300004                     	org	3145732
  1155   300004  FF                 	db	255
  1156                           
  1157                           ;Config register CONFIG3H @ 0x300005
  1158                           ;	CCP2 MUX bit
  1159                           ;	CCP2MX = PORTC, CCP2 input/output is multiplexed with RC1
  1160                           ;	PORTB A/D Enable bit
  1161                           ;	PBADEN = OFF, PORTB<4:0> pins are configured as digital I/O on Reset
  1162                           ;	Low-Power Timer1 Oscillator Enable bit
  1163                           ;	LPT1OSC = OFF, Timer1 configured for higher power operation
  1164                           ;	MCLR Pin Enable bit
  1165                           ;	MCLRE = ON, MCLR pin enabled; RE3 input pin disabled
  1166   300005                     	org	3145733
  1167   300005  81                 	db	129
  1168                           
  1169                           ;Config register CONFIG4L @ 0x300006
  1170                           ;	Stack Full/Underflow Reset Enable bit
  1171                           ;	STVREN = ON, Stack full/underflow will cause Reset
  1172                           ;	Single-Supply ICSP Enable bit
  1173                           ;	LVP = OFF, Single-Supply ICSP disabled
  1174                           ;	Extended Instruction Set Enable bit
  1175                           ;	XINST = OFF, Instruction set extension and Indexed Addressing mode disabled (Legacy mo
      +                          de)
  1176                           ;	Background Debugger Enable bit
  1177                           ;	DEBUG = 0x1, unprogrammed default
  1178   300006                     	org	3145734
  1179   300006  81                 	db	129
  1180                           
  1181                           ; Padding undefined space
  1182   300007                     	org	3145735
  1183   300007  FF                 	db	255
  1184                           
  1185                           ;Config register CONFIG5L @ 0x300008
  1186                           ;	Code Protection bit
  1187                           ;	CP0 = OFF, Block 0 (000800-003FFFh) not code-protected
  1188                           ;	Code Protection bit
  1189                           ;	CP1 = OFF, Block 1 (004000-007FFFh) not code-protected
  1190                           ;	Code Protection bit
  1191                           ;	CP2 = OFF, Block 2 (008000-00BFFFh) not code-protected
  1192                           ;	Code Protection bit
  1193                           ;	CP3 = OFF, Block 3 (00C000-00FFFFh) not code-protected
  1194   300008                     	org	3145736
  1195   300008  0F                 	db	15
  1196                           
  1197                           ;Config register CONFIG5H @ 0x300009
  1198                           ;	Boot Block Code Protection bit
  1199                           ;	CPB = OFF, Boot block (000000-0007FFh) not code-protected
  1200                           ;	Data EEPROM Code Protection bit
  1201                           ;	CPD = OFF, Data EEPROM not code-protected
  1202   300009                     	org	3145737
  1203   300009  C0                 	db	192
  1204                           
  1205                           ;Config register CONFIG6L @ 0x30000A
  1206                           ;	Write Protection bit
  1207                           ;	WRT0 = OFF, Block 0 (000800-003FFFh) not write-protected
  1208                           ;	Write Protection bit
  1209                           ;	WRT1 = OFF, Block 1 (004000-007FFFh) not write-protected
  1210                           ;	Write Protection bit
  1211                           ;	WRT2 = OFF, Block 2 (008000-00BFFFh) not write-protected
  1212                           ;	Write Protection bit
  1213                           ;	WRT3 = OFF, Block 3 (00C000-00FFFFh) not write-protected
  1214   30000A                     	org	3145738
  1215   30000A  0F                 	db	15
  1216                           
  1217                           ;Config register CONFIG6H @ 0x30000B
  1218                           ;	Configuration Register Write Protection bit
  1219                           ;	WRTC = OFF, Configuration registers (300000-3000FFh) not write-protected
  1220                           ;	Boot Block Write Protection bit
  1221                           ;	WRTB = OFF, Boot Block (000000-0007FFh) not write-protected
  1222                           ;	Data EEPROM Write Protection bit
  1223                           ;	WRTD = OFF, Data EEPROM not write-protected
  1224   30000B                     	org	3145739
  1225   30000B  E0                 	db	224
  1226                           
  1227                           ;Config register CONFIG7L @ 0x30000C
  1228                           ;	Table Read Protection bit
  1229                           ;	EBTR0 = OFF, Block 0 (000800-003FFFh) not protected from table reads executed in other
      +                           blocks
  1230                           ;	Table Read Protection bit
  1231                           ;	EBTR1 = OFF, Block 1 (004000-007FFFh) not protected from table reads executed in other
      +                           blocks
  1232                           ;	Table Read Protection bit
  1233                           ;	EBTR2 = OFF, Block 2 (008000-00BFFFh) not protected from table reads executed in other
      +                           blocks
  1234                           ;	Table Read Protection bit
  1235                           ;	EBTR3 = OFF, Block 3 (00C000-00FFFFh) not protected from table reads executed in other
      +                           blocks
  1236   30000C                     	org	3145740
  1237   30000C  0F                 	db	15
  1238                           
  1239                           ;Config register CONFIG7H @ 0x30000D
  1240                           ;	Boot Block Table Read Protection bit
  1241                           ;	EBTRB = OFF, Boot Block (000000-0007FFh) not protected from table reads executed in ot
      +                          her blocks
  1242   30000D                     	org	3145741
  1243   30000D  40                 	db	64
  1244                           tosu	equ	0xFFF
  1245                           tosh	equ	0xFFE
  1246                           tosl	equ	0xFFD
  1247                           stkptr	equ	0xFFC
  1248                           pclatu	equ	0xFFB
  1249                           pclath	equ	0xFFA
  1250                           pcl	equ	0xFF9
  1251                           tblptru	equ	0xFF8
  1252                           tblptrh	equ	0xFF7
  1253                           tblptrl	equ	0xFF6
  1254                           tablat	equ	0xFF5
  1255                           prodh	equ	0xFF4
  1256                           prodl	equ	0xFF3
  1257                           indf0	equ	0xFEF
  1258                           postinc0	equ	0xFEE
  1259                           postdec0	equ	0xFED
  1260                           preinc0	equ	0xFEC
  1261                           plusw0	equ	0xFEB
  1262                           fsr0h	equ	0xFEA
  1263                           fsr0l	equ	0xFE9
  1264                           wreg	equ	0xFE8
  1265                           indf1	equ	0xFE7
  1266                           postinc1	equ	0xFE6
  1267                           postdec1	equ	0xFE5
  1268                           preinc1	equ	0xFE4
  1269                           plusw1	equ	0xFE3
  1270                           fsr1h	equ	0xFE2
  1271                           fsr1l	equ	0xFE1
  1272                           bsr	equ	0xFE0
  1273                           indf2	equ	0xFDF
  1274                           postinc2	equ	0xFDE
  1275                           postdec2	equ	0xFDD
  1276                           preinc2	equ	0xFDC
  1277                           plusw2	equ	0xFDB
  1278                           fsr2h	equ	0xFDA
  1279                           fsr2l	equ	0xFD9
  1280                           status	equ	0xFD8

Data Sizes:
    Strings     3
    Constant    16
    Data        66
    BSS         8
    Persistent  0
    Stack       0

Auto Spaces:
    Space          Size  Autos    Used
    COMRAM          127     14      88
    BANK0           128      0       0
    BANK1           256      0       0
    BANK2           256      0       0
    BANK3           256      0       0
    BANK4           256      0       0
    BANK5           256      0       0
    BANK6           256      0       0
    BANK7           256      0       0
    BANK8           256      0       0
    BANK9           256      0       0
    BANK10          256      0       0
    BANK11          256      0       0
    BANK12          256      0       0
    BANK13          256      0       0
    BANK14          256      0       0
    BANK15          128      0       0

Pointer List with Targets:

    dc_motor_initialize@_dc_motor	PTR const struct . size(1) Largest target is 2
		 -> motor1(COMRAM[2]), 

    f$.$buffer	PTR unsigned char  size(2) Largest target is 0

    f$.$source	PTR const unsigned char  size(2) Largest target is 0

    gpio_pin_direction_initialize@_pin_config	PTR const struct . size(1) Largest target is 2
		 -> led_initialize@pin(COMRAM[1]), motor1(COMRAM[2]), motor1$dc_motor_pin(COMRAM[2]), relay_initialize@pin(COMRAM[1]), 

    gpio_pin_initialize@_pin_config	PTR const struct . size(1) Largest target is 2
		 -> led_initialize@pin(COMRAM[1]), motor1(COMRAM[2]), motor1$dc_motor_pin(COMRAM[2]), relay_initialize@pin(COMRAM[1]), 

    gpio_pin_write_logic@_pin_config	PTR const struct . size(1) Largest target is 2
		 -> led_initialize@pin(COMRAM[1]), led_turn_off@pin(COMRAM[1]), led_turn_on@pin(COMRAM[1]), motor1(COMRAM[2]), 
		 -> motor1$dc_motor_pin(COMRAM[2]), relay_initialize@pin(COMRAM[1]), relay_turn_off@pin(COMRAM[1]), relay_turn_on@pin(COMRAM[1]), 

    lat_registers	PTR volatile unsigned char [5] size(2) Largest target is 1
		 -> LATA(BITBIGSFRll[1]), LATB(BITBIGSFRlh[1]), LATC(BITBIGSFRlh[1]), LATD(BITBIGSFRlh[1]), 
		 -> LATE(BITBIGSFRlh[1]), 

    port_registers	PTR volatile unsigned char [5] size(2) Largest target is 1
		 -> PORTA(BITBIGSFRll[1]), PORTB(BITBIGSFRll[1]), PORTC(BITBIGSFRll[1]), PORTD(BITBIGSFRll[1]), 
		 -> PORTE(BITBIGSFRll[1]), 

    S1310$buffer	PTR unsigned char  size(2) Largest target is 0

    S1310$source	PTR const unsigned char  size(2) Largest target is 0

    sp__memset	PTR void  size(2) Largest target is 0

    tris_registers	PTR volatile unsigned char [5] size(2) Largest target is 1
		 -> TRISA(BITBIGSFRll[1]), TRISB(BITBIGSFRh[1]), TRISC(BITBIGSFRh[1]), TRISD(BITBIGSFRh[1]), 
		 -> TRISE(BITBIGSFRh[1]), 

    vfprintf$0	PTR struct _IO_FILE size(1) Largest target is 12
		 -> sprintf@f(COMRAM[12]), 

    vfprintf$1	PTR const unsigned char  size(1) Largest target is 3
		 -> STR_1(CODE[3]), STR_2(CODE[3]), STR_3(CODE[3]), 

    vfprintf$2	PTR PTR void  size(1) Largest target is 1
		 -> sprintf@ap(COMRAM[1]), 


Critical Paths under _main in COMRAM

    _application_initialize->_ecu_layer_initialize
    _ecu_layer_initialize->_dc_motor_initialize
    _dc_motor_initialize->_gpio_pin_initialize
    _gpio_pin_initialize->_gpio_pin_write_logic

Critical Paths under _main in BANK0

    None.

Critical Paths under _main in BANK1

    None.

Critical Paths under _main in BANK2

    None.

Critical Paths under _main in BANK3

    None.

Critical Paths under _main in BANK4

    None.

Critical Paths under _main in BANK5

    None.

Critical Paths under _main in BANK6

    None.

Critical Paths under _main in BANK7

    None.

Critical Paths under _main in BANK8

    None.

Critical Paths under _main in BANK9

    None.

Critical Paths under _main in BANK10

    None.

Critical Paths under _main in BANK11

    None.

Critical Paths under _main in BANK12

    None.

Critical Paths under _main in BANK13

    None.

Critical Paths under _main in BANK14

    None.

Critical Paths under _main in BANK15

    None.

Call Graph Tables:

 ---------------------------------------------------------------------------------
 (Depth) Function   	        Calls       Base Space   Used Autos Params    Refs
 ---------------------------------------------------------------------------------
 (0) _main                                                 0     0      0    6401
             _application_initialize
 ---------------------------------------------------------------------------------
 (1) _application_initialize                               1     1      0    6401
               _ecu_layer_initialize
 ---------------------------------------------------------------------------------
 (2) _ecu_layer_initialize                                 1     1      0    6399
                                             13 COMRAM     1     1      0
                _dc_motor_initialize
 ---------------------------------------------------------------------------------
 (3) _dc_motor_initialize                                  2     1      1    6375
                                             11 COMRAM     2     1      1
                _gpio_pin_initialize
 ---------------------------------------------------------------------------------
 (4) _gpio_pin_initialize                                  3     2      1    6207
                                              8 COMRAM     3     2      1
      _gpio_pin_direction_initialize
               _gpio_pin_write_logic
 ---------------------------------------------------------------------------------
 (5) _gpio_pin_write_logic                                 8     6      2    4480
                                              0 COMRAM     8     6      2
 ---------------------------------------------------------------------------------
 (5) _gpio_pin_direction_initialize                        7     6      1     429
                                              0 COMRAM     7     6      1
 ---------------------------------------------------------------------------------
 Estimated maximum stack depth 5
 ---------------------------------------------------------------------------------

 Call Graph Graphs:

 _main (ROOT)
   _application_initialize
     _ecu_layer_initialize
       _dc_motor_initialize
         _gpio_pin_initialize
           _gpio_pin_direction_initialize
           _gpio_pin_write_logic

 Address spaces:
Name               Size   Autos  Total    Cost      Usage
BIGRAM             F7F      0       0      40        0.0%
EEDATA             400      0       0       0        0.0%
BITBANK14          100      0       0      32        0.0%
BANK14             100      0       0      33        0.0%
BITBANK13          100      0       0      30        0.0%
BANK13             100      0       0      31        0.0%
BITBANK12          100      0       0      28        0.0%
BANK12             100      0       0      29        0.0%
BITBANK11          100      0       0      26        0.0%
BANK11             100      0       0      27        0.0%
BITBANK10          100      0       0      24        0.0%
BANK10             100      0       0      25        0.0%
BITBANK9           100      0       0      22        0.0%
BANK9              100      0       0      23        0.0%
BITBANK8           100      0       0      20        0.0%
BANK8              100      0       0      21        0.0%
BITBANK7           100      0       0      18        0.0%
BANK7              100      0       0      19        0.0%
BITBANK6           100      0       0      16        0.0%
BANK6              100      0       0      17        0.0%
BITBANK5           100      0       0      14        0.0%
BANK5              100      0       0      15        0.0%
BITBANK4           100      0       0      12        0.0%
BANK4              100      0       0      13        0.0%
BITBANK3           100      0       0      10        0.0%
BANK3              100      0       0      11        0.0%
BITBANK2           100      0       0       8        0.0%
BANK2              100      0       0       9        0.0%
BITBANK1           100      0       0       6        0.0%
BANK1              100      0       0       7        0.0%
BITBANK15           80      0       0      34        0.0%
BANK15              80      0       0      35        0.0%
BITBANK0            80      0       0       4        0.0%
BANK0               80      0       0       5        0.0%
BITCOMRAM           7F      0       0       0        0.0%
COMRAM              7F      E      58       1       69.3%
BITBIGSFRh          69      0       0      36        0.0%
BITBIGSFRlh          4      0       0      37        0.0%
BITBIGSFRll          4      0       0      38        0.0%
BIGSFR               0      0       0     200        0.0%
BITSFR               0      0       0     200        0.0%
SFR                  0      0       0     200        0.0%
STACK                0      0       0       2        0.0%
NULL                 0      0       0       0        0.0%
ABS                  0      0      58      39        0.0%
DATA                 0      0      58       3        0.0%
CODE                 0      0       0       0        0.0%


Microchip Technology PIC18 Macro Assembler V2.46 build 20240104201356 
Symbol Table                                                                                   Wed Aug 28 13:41:33 2024

                                     l200 13AC                                       l402 1156  
                                     l403 1158                                       l340 13BA  
                                     l417 1302                                       l418 1304  
                                     l460 13CC                                       l454 13C0  
                                     l199 13AA                                       l455 13C0  
                                     l385 1288                                       l386 128A  
                                     _ret 003F                       led_initialize@F3062 0058  
                   relay_initialize@F3060 0054                                       wreg 0FE8  
                                    l2101 129C                                      l2103 12B8  
                                    l2111 137E                                      l2105 12D8  
                                    l2113 138E                                      l2201 13AE  
                                    l2051 115A                                      l2107 12FE  
                                    l2115 13A6                                      l2203 13AE  
                                    l2061 1204                                      l2053 116E  
                                    l2205 13B8                                      l2301 13C8  
                                    l2055 118A                                      l2063 1254  
                                    l2071 1016                                      l2065 125C  
                                    l2081 107E                                      l2073 102A  
                                    l2059 11AE                                      l2083 10D4  
                                    l2075 1046                                      l2077 1066  
                                    l2085 1124                                      l2087 112C  
                                    l2099 128C                                      l2299 13C8  
                                    l2765 1140                                      l2759 13BC  
                                    STR_1 1011                                      u1100 116E  
                                    u1101 116A                                      u1110 118A  
                                    u1111 1186                                      u1120 11AA  
                                    u1121 11A6                                      u1204 109C  
                                    u1220 129C                                      u1205 1098  
                                    u1221 1298                                      u1150 1272  
                                    u1134 11CC                                      u1214 10F2  
                                    u1230 12B8                                      u1151 126C  
                                    u1135 11C8                                      u1215 10EE  
                                    u1231 12B4                                      u1144 1222  
                                    u1160 102A                                      u1240 12D8  
                                    u1145 121E                                      u1161 1026  
                                    u1241 12D4                                      u1170 1046  
                                    u1250 138E                                      u1171 1042  
                                    u1251 138A                                      u1156 1274  
                                    u1180 1066                                      u1181 1062  
                                    _LATA 0F89                                      u1190 107A  
                                    _LATB 0F8A                                      u1191 1076  
                                    _LATC 0F8B                                      _LATD 0F8C  
                                    _LATE 0F8D                                      _lcd1 0031  
                                    _lcd2 001F                                      _led1 0040  
                                    _btn1 003C                                      _main 13BC  
                                    fsr2h 0FDA                                      indf2 0FDF  
                                    fsr1l 0FE1                                      fsr2l 0FD9  
                                    prodl 0FF3                                      start 0000  
                            ___param_bank 0000                    dc_motor_initialize@ret 004F  
                    _gpio_pin_write_logic 1016                                     ?_main 0043  
                ??_application_initialize 0051                       relay_turn_off@F3070 0052  
                                   _PORTA 0F80                                     _PORTB 0F81  
                                   _PORTC 0F82                                     _PORTD 0F83  
                                   _PORTE 0F84                                     _TRISA 0F92  
                                   _TRISB 0F93                                     _TRISC 0F94  
                                   _TRISD 0F95                                     _TRISE 0F96  
                                   tablat 0FF5                                     status 0FD8  
          ?_gpio_pin_direction_initialize 0043                           __initialization 1348  
                            __end_of_main 13C8                     ?_gpio_pin_write_logic 0043  
                           _lat_registers 000B               __end_of_dc_motor_initialize 13AE  
                                  ??_main 0051                             __activetblptr 0002  
                        led_turn_on@F3067 0057                                    clear_0 136E  
                                  _relay1 0051                                    _motor1 0041  
                                  isa$std 0001                              __pdataCOMRAM 0001  
                            __mediumconst 0000                                    tblptrh 0FF7  
                                  tblptrl 0FF6                                    tblptru 0FF8  
                              __accesstop 0080                   __end_of__initialization 1374  
                           ___rparam_used 0001                    ??_gpio_pin_write_logic 0045  
                          __pcstackCOMRAM 0043  gpio_pin_direction_initialize@_pin_config 0043  
                  _application_initialize 13C8                         led_turn_off@F3072 0056  
            ecu_layer_initialize@ret_init 0050                             _keypad_values 1001  
                    led_turn_toggle@F3077 0055                            _tris_registers 0015  
                                 __Hparam 0000                                   __Lparam 0000  
                     _gpio_pin_initialize 128C                              __psmallconst 1000  
                                 __pcinit 1348                                   __ramtop 1000  
                                 __ptext0 13BC                                   __ptext1 13C8  
                                 __ptext2 13AE                                   __ptext3 137E  
                                 __ptext4 128C                                   __ptext5 1016  
                                 __ptext6 115A           ??_gpio_pin_direction_initialize 0044  
                                 _keypad1 0029                      ?_gpio_pin_initialize 004B  
                    end_of_initialization 1374                             __Lmediumconst 0000  
                                 postdec1 0FE5                                   postdec2 0FDD  
                                 postinc0 0FEE                                   postinc2 0FDE  
                   ??_gpio_pin_initialize 004C                        relay_turn_on@F3065 0053  
                           __pidataCOMRAM 1306                       start_initialization 1348  
   __end_of_gpio_pin_direction_initialize 128C             _gpio_pin_direction_initialize 115A  
                 ?_application_initialize 0043              __end_of_ecu_layer_initialize 13BC  
                             __pbssCOMRAM 0051            __end_of_application_initialize 13CE  
         gpio_pin_write_logic@_pin_config 0043                 gpio_pin_write_logic@logic 0044  
                             __smallconst 1000                       _dc_motor_initialize 137E  
            dc_motor_initialize@_dc_motor 004E          gpio_pin_direction_initialize@ret 0049  
                  gpio_pin_initialize@ret 004D                      ?_dc_motor_initialize 004E  
                 gpio_pin_write_logic@ret 004A                                 copy_data0 135C  
                    _ecu_layer_initialize 13AE                                  __Hrparam 0000  
                                __Lrparam 0000               __end_of_gpio_pin_initialize 1306  
          gpio_pin_initialize@_pin_config 004B                     ??_dc_motor_initialize 004F  
                   ?_ecu_layer_initialize 0043                                  _segment1 0037  
                                isa$xinst 0000                     __end_of_keypad_values 1011  
            __end_of_gpio_pin_write_logic 115A                            _port_registers 0001  
                  ??_ecu_layer_initialize 0050  
