

Microchip MPLAB XC8 Assembler V2.46 build 20240104201356 
                                                                                               Mon Aug 19 23:26:33 2024

Microchip MPLAB XC8 C Compiler v2.46 (Free license) build 20240104201356 Og1 
     1                           	processor	18F4620
     2                           	fnconf	rparam,??,?,0
     3                           	pagewidth 120
     4                           	opt	flic
     5                           	psect	idataCOMRAM,global,class=CODE,delta=1,noexec
     6                           	psect	smallconst,global,reloc=2,class=SMALLCONST,delta=1,noexec
     7                           	psect	cinit,global,reloc=2,class=CODE,delta=1
     8                           	psect	bssCOMRAM,global,class=COMRAM,space=1,delta=1,lowdata,noexec
     9                           	psect	dataCOMRAM,global,class=COMRAM,space=1,delta=1,lowdata,noexec
    10                           	psect	cstackCOMRAM,global,class=COMRAM,space=1,delta=1,lowdata,noexec
    11                           	psect	text0,global,reloc=2,class=CODE,delta=1
    12                           	psect	text1,global,reloc=2,class=CODE,delta=1
    13                           	psect	text2,global,reloc=2,class=CODE,delta=1
    14                           	psect	text3,global,reloc=2,class=CODE,delta=1
    15                           	psect	text4,global,reloc=2,class=CODE,delta=1
    16                           	psect	intsave_regs,global,class=BIGRAM,space=1,delta=1,noexec
    17                           	psect	rparam,global,class=COMRAM,space=1,delta=1,noexec
    18                           	psect	config,global,abs,ovrld,class=CONFIG,space=4,delta=1,noexec
    19   000000                     
    20                           ; Generated 17/10/2023 GMT
    21                           ; 
    22                           ; Copyright © 2023, Microchip Technology Inc. and its subsidiaries ("Microchip")
    23                           ; All rights reserved.
    24                           ; 
    25                           ; This software is developed by Microchip Technology Inc. and its subsidiaries ("Microch
      +                          ip").
    26                           ; 
    27                           ; Redistribution and use in source and binary forms, with or without modification, are
    28                           ; permitted provided that the following conditions are met:
    29                           ; 
    30                           ;     1. Redistributions of source code must retain the above copyright notice, this lis
      +                          t of
    31                           ;        conditions and the following disclaimer.
    32                           ; 
    33                           ;     2. Redistributions in binary form must reproduce the above copyright notice, this 
      +                          list
    34                           ;        of conditions and the following disclaimer in the documentation and/or other
    35                           ;        materials provided with the distribution. Publication is not required when
    36                           ;        this file is used in an embedded application.
    37                           ; 
    38                           ;     3. Microchip's name may not be used to endorse or promote products derived from th
      +                          is
    39                           ;        software without specific prior written permission.
    40                           ; 
    41                           ; THIS SOFTWARE IS PROVIDED BY MICROCHIP "AS IS" AND ANY EXPRESS OR IMPLIED WARRANTIES,
    42                           ; INCLUDING, BUT NOT LIMITED TO, THE IMPLIED WARRANTIES OF MERCHANTABILITY AND FITNESS F
      +                          OR
    43                           ; PURPOSE ARE DISCLAIMED.  IN NO EVENT SHALL MICROCHIP BE LIABLE FOR ANY DIRECT, INDIREC
      +                          T,
    44                           ; INCIDENTAL, SPECIAL, EXEMPLARY, OR CONSEQUENTIAL DAMAGES (INCLUDING BUT NOT LIMITED TO
    45                           ; PROCUREMENT OF SUBSTITUTE GOODS OR SERVICES; LOSS OF USE, DATA OR PROFITS; OR BUSINESS
    46                           ; INTERRUPTION) HOWSOEVER CAUSED AND ON ANY THEORY OF LIABILITY, WHETHER IN CONTRACT, ST
      +                          RICT
    47                           ; LIABILITY, OR TORT (INCLUDING NEGLIGENCE OR OTHERWISE) ARISING IN ANY WAY OUT OF THE U
      +                          SE OF
    48                           ; THIS SOFTWARE, EVEN IF ADVISED OF THE POSSIBILITY OF SUCH DAMAGE.
    49                           ; 
    50                           ; 
    51                           ; Code-generator required, PIC18F4620 Definitions
    52                           ; 
    53                           ; SFR Addresses
    54   000000                     
    55                           	psect	idataCOMRAM
    56   0010F2                     __pidataCOMRAM:
    57                           	callstack 0
    58                           
    59                           ;initializer for _port_registers
    60   0010F2  80                 	db	128
    61   0010F3  0F                 	db	15
    62   0010F4  81                 	db	129
    63   0010F5  0F                 	db	15
    64   0010F6  82                 	db	130
    65   0010F7  0F                 	db	15
    66   0010F8  83                 	db	131
    67   0010F9  0F                 	db	15
    68   0010FA  84                 	db	132
    69   0010FB  0F                 	db	15
    70                           
    71                           ;initializer for _lat_registers
    72   0010FC  89                 	db	137
    73   0010FD  0F                 	db	15
    74   0010FE  8A                 	db	138
    75   0010FF  0F                 	db	15
    76   001100  8B                 	db	139
    77   001101  0F                 	db	15
    78   001102  8C                 	db	140
    79   001103  0F                 	db	15
    80   001104  8D                 	db	141
    81   001105  0F                 	db	15
    82                           
    83                           ;initializer for _tris_registers
    84   001106  92                 	db	146
    85   001107  0F                 	db	15
    86   001108  93                 	db	147
    87   001109  0F                 	db	15
    88   00110A  94                 	db	148
    89   00110B  0F                 	db	15
    90   00110C  95                 	db	149
    91   00110D  0F                 	db	15
    92   00110E  96                 	db	150
    93   00110F  0F                 	db	15
    94                           
    95                           ;initializer for _keypad1
    96   001110  02                 	db	2
    97   001111  0A                 	db	10
    98   001112  12                 	db	18
    99   001113  1A                 	db	26
   100   001114  62                 	db	98
   101   001115  6A                 	db	106
   102   001116  72                 	db	114
   103   001117  7A                 	db	122
   104                           
   105                           ;initializer for _led1
   106   001118  03                 	db	3
   107                           
   108                           ;initializer for _lcd2
   109   001119  32                 	db	50
   110   00111A  3A                 	db	58
   111   00111B  03                 	db	3
   112   00111C  0B                 	db	11
   113   00111D  13                 	db	19
   114   00111E  1B                 	db	27
   115   00111F  23                 	db	35
   116   001120  2B                 	db	43
   117   001121  33                 	db	51
   118   001122  3B                 	db	59
   119                           
   120                           ;initializer for _lcd1
   121   001123  02                 	db	2
   122   001124  0A                 	db	10
   123   001125  12                 	db	18
   124   001126  1A                 	db	26
   125   001127  22                 	db	34
   126   001128  2A                 	db	42
   127                           
   128                           	psect	smallconst
   129   001000                     __psmallconst:
   130                           	callstack 0
   131   001000  00                 	db	0
   132   001001                     _keypad_values:
   133                           	callstack 0
   134   001001  37                 	db	55
   135   001002  38                 	db	56
   136   001003  39                 	db	57
   137   001004  2F                 	db	47
   138   001005  34                 	db	52
   139   001006  35                 	db	53
   140   001007  36                 	db	54
   141   001008  2A                 	db	42
   142   001009  31                 	db	49
   143   00100A  32                 	db	50
   144   00100B  33                 	db	51
   145   00100C  2D                 	db	45
   146   00100D  63                 	db	99
   147   00100E  30                 	db	48
   148   00100F  3D                 	db	61
   149   001010  2B                 	db	43
   150   001011                     __end_of_keypad_values:
   151                           	callstack 0
   152   000000                     _PORTE	set	3972
   153   000000                     _PORTD	set	3971
   154   000000                     _PORTC	set	3970
   155   000000                     _PORTB	set	3969
   156   000000                     _PORTA	set	3968
   157   000000                     _LATA	set	3977
   158   000000                     _TRISA	set	3986
   159   000000                     _TRISE	set	3990
   160   000000                     _TRISD	set	3989
   161   000000                     _TRISC	set	3988
   162   000000                     _TRISB	set	3987
   163   000000                     _LATE	set	3981
   164   000000                     _LATD	set	3980
   165   000000                     _LATC	set	3979
   166   000000                     _LATB	set	3978
   167   001011                     STR_1:
   168   001011  25                 	db	37
   169   001012  69                 	db	105	;'i'
   170   001013  00                 	db	0
   171   001014  00                 	db	0	; dummy byte at the end
   172   000000                     
   173                           ; #config settings
   174                           
   175                           	psect	cinit
   176   00112A                     __pcinit:
   177                           	callstack 0
   178   00112A                     start_initialization:
   179                           	callstack 0
   180   00112A                     __initialization:
   181                           	callstack 0
   182                           
   183                           ; Initialize objects allocated to COMRAM (55 bytes)
   184                           ; load TBLPTR registers with __pidataCOMRAM
   185   00112A  0EF2               	movlw	low __pidataCOMRAM
   186   00112C  6EF6               	movwf	tblptrl,c
   187   00112E  0E10               	movlw	high __pidataCOMRAM
   188   001130  6EF7               	movwf	tblptrh,c
   189   001132  0E00               	movlw	low (__pidataCOMRAM shr (0+16))
   190   001134  6EF8               	movwf	tblptru,c
   191   001136  EE00  F001         	lfsr	0,__pdataCOMRAM
   192   00113A  EE10 F037          	lfsr	1,55
   193   00113E                     copy_data0:
   194   00113E  0009               	tblrd		*+
   195   001140  CFF5 FFEE          	movff	tablat,postinc0
   196   001144  50E5               	movf	postdec1,w,c
   197   001146  50E1               	movf	fsr1l,w,c
   198   001148  E1FA               	bnz	copy_data0
   199                           
   200                           ; Clear objects allocated to COMRAM (9 bytes)
   201   00114A  EE00  F038         	lfsr	0,__pbssCOMRAM
   202   00114E  0E09               	movlw	9
   203   001150                     clear_0:
   204   001150  6AEE               	clrf	postinc0,c
   205   001152  06E8               	decf	wreg,f,c
   206   001154  E1FD               	bnz	clear_0
   207   001156                     end_of_initialization:
   208                           	callstack 0
   209   001156                     __end_of__initialization:
   210                           	callstack 0
   211   001156  0E00               	movlw	low (__Lmediumconst shr (0+16))
   212   001158  6EF8               	movwf	tblptru,c
   213   00115A  0100               	movlb	0
   214   00115C  EFC0  F008         	goto	_main	;jump to C main() function
   215                           
   216                           	psect	bssCOMRAM
   217   000038                     __pbssCOMRAM:
   218                           	callstack 0
   219   000038                     _ret:
   220                           	callstack 0
   221   000038                     	ds	1
   222   000039                     relay_turn_off@F3070:
   223                           	callstack 0
   224   000039                     	ds	1
   225   00003A                     relay_turn_on@F3065:
   226                           	callstack 0
   227   00003A                     	ds	1
   228   00003B                     relay_initialize@F3060:
   229                           	callstack 0
   230   00003B                     	ds	1
   231   00003C                     led_turn_toggle@F3077:
   232                           	callstack 0
   233   00003C                     	ds	1
   234   00003D                     led_turn_off@F3072:
   235                           	callstack 0
   236   00003D                     	ds	1
   237   00003E                     led_turn_on@F3067:
   238                           	callstack 0
   239   00003E                     	ds	1
   240   00003F                     led_initialize@F3062:
   241                           	callstack 0
   242   00003F                     	ds	1
   243   000040                     _portA_logic:
   244                           	callstack 0
   245   000040                     	ds	1
   246                           
   247                           	psect	dataCOMRAM
   248   000001                     __pdataCOMRAM:
   249                           	callstack 0
   250   000001                     _port_registers:
   251                           	callstack 0
   252   000001                     	ds	10
   253   00000B                     _lat_registers:
   254                           	callstack 0
   255   00000B                     	ds	10
   256   000015                     _tris_registers:
   257                           	callstack 0
   258   000015                     	ds	10
   259   00001F                     _keypad1:
   260                           	callstack 0
   261   00001F                     	ds	8
   262   000027                     _led1:
   263                           	callstack 0
   264   000027                     	ds	1
   265   000028                     _lcd2:
   266                           	callstack 0
   267   000028                     	ds	10
   268   000032                     _lcd1:
   269                           	callstack 0
   270   000032                     	ds	6
   271                           
   272                           	psect	cstackCOMRAM
   273   000041                     __pcstackCOMRAM:
   274                           	callstack 0
   275   000041                     gpio_port_direction_initialize@direction:
   276                           	callstack 0
   277   000041                     gpio_port_write_logic@logic:
   278                           	callstack 0
   279   000041                     gpio_port_read_logic@logic:
   280                           	callstack 0
   281                           
   282                           ; 1 bytes @ 0x0
   283   000041                     	ds	1
   284   000042                     ??_gpio_port_direction_initialize:
   285   000042                     ??_gpio_port_write_logic:
   286   000042                     ??_gpio_port_read_logic:
   287                           
   288                           ; 1 bytes @ 0x1
   289   000042                     	ds	2
   290   000044                     gpio_port_direction_initialize@ret:
   291                           	callstack 0
   292   000044                     gpio_port_write_logic@ret:
   293                           	callstack 0
   294   000044                     gpio_port_read_logic@ret:
   295                           	callstack 0
   296                           
   297                           ; 1 bytes @ 0x3
   298   000044                     	ds	1
   299   000045                     gpio_port_direction_initialize@port:
   300                           	callstack 0
   301   000045                     gpio_port_write_logic@port:
   302                           	callstack 0
   303   000045                     gpio_port_read_logic@port:
   304                           	callstack 0
   305                           
   306                           ; 1 bytes @ 0x4
   307   000045                     	ds	1
   308   000046                     
   309                           ; 1 bytes @ 0x5
   310 ;;
   311 ;;Main: autosize = 0, tempsize = 0, incstack = 0, save=0
   312 ;;
   313 ;; *************** function _main *****************
   314 ;; Defined at:
   315 ;;		line 19 in file "Application1.c"
   316 ;; Parameters:    Size  Location     Type
   317 ;;		None
   318 ;; Auto vars:     Size  Location     Type
   319 ;;		None
   320 ;; Return value:  Size  Location     Type
   321 ;;                  2  453[None  ] int 
   322 ;; Registers used:
   323 ;;		wreg, fsr1l, fsr1h, fsr2l, fsr2h, status,2, status,0, prodl, prodh, cstack
   324 ;; Tracked objects:
   325 ;;		On entry : 0/0
   326 ;;		On exit  : 0/0
   327 ;;		Unchanged: 0/0
   328 ;; Data sizes:     COMRAM   BANK0   BANK1   BANK2   BANK3   BANK4   BANK5   BANK6   BANK7   BANK8   BANK9  BANK10  BANK1
      +1  BANK12  BANK13  BANK14  BANK15
   329 ;;      Params:         0       0       0       0       0       0       0       0       0       0       0       0       
      +0       0       0       0       0
   330 ;;      Locals:         0       0       0       0       0       0       0       0       0       0       0       0       
      +0       0       0       0       0
   331 ;;      Temps:          0       0       0       0       0       0       0       0       0       0       0       0       
      +0       0       0       0       0
   332 ;;      Totals:         0       0       0       0       0       0       0       0       0       0       0       0       
      +0       0       0       0       0
   333 ;;Total ram usage:        0 bytes
   334 ;; Hardware stack levels required when called: 2
   335 ;; This function calls:
   336 ;;		_application_initialize
   337 ;; This function is called by:
   338 ;;		Startup code after reset
   339 ;; This function uses a non-reentrant model
   340 ;;
   341                           
   342                           	psect	text0
   343   001180                     __ptext0:
   344                           	callstack 0
   345   001180                     _main:
   346                           	callstack 29
   347   001180                     
   348                           ;Application1.c: 21:     application_initialize();
   349   001180  ECB0  F008         	call	_application_initialize	;wreg free
   350   001184                     l454:
   351   001184  EFC2  F008         	goto	l454
   352   001188  EF00  F000         	goto	start
   353   00118C                     __end_of_main:
   354                           	callstack 0
   355                           
   356 ;; *************** function _application_initialize *****************
   357 ;; Defined at:
   358 ;;		line 31 in file "Application1.c"
   359 ;; Parameters:    Size  Location     Type
   360 ;;		None
   361 ;; Auto vars:     Size  Location     Type
   362 ;;  ret_init        1    0        unsigned char 
   363 ;; Return value:  Size  Location     Type
   364 ;;                  1    wreg      void 
   365 ;; Registers used:
   366 ;;		wreg, fsr1l, fsr1h, fsr2l, fsr2h, status,2, status,0, prodl, prodh, cstack
   367 ;; Tracked objects:
   368 ;;		On entry : 0/0
   369 ;;		On exit  : 0/0
   370 ;;		Unchanged: 0/0
   371 ;; Data sizes:     COMRAM   BANK0   BANK1   BANK2   BANK3   BANK4   BANK5   BANK6   BANK7   BANK8   BANK9  BANK10  BANK1
      +1  BANK12  BANK13  BANK14  BANK15
   372 ;;      Params:         0       0       0       0       0       0       0       0       0       0       0       0       
      +0       0       0       0       0
   373 ;;      Locals:         0       0       0       0       0       0       0       0       0       0       0       0       
      +0       0       0       0       0
   374 ;;      Temps:          0       0       0       0       0       0       0       0       0       0       0       0       
      +0       0       0       0       0
   375 ;;      Totals:         0       0       0       0       0       0       0       0       0       0       0       0       
      +0       0       0       0       0
   376 ;;Total ram usage:        0 bytes
   377 ;; Hardware stack levels used: 1
   378 ;; Hardware stack levels required when called: 1
   379 ;; This function calls:
   380 ;;		_gpio_port_direction_initialize
   381 ;;		_gpio_port_read_logic
   382 ;;		_gpio_port_write_logic
   383 ;; This function is called by:
   384 ;;		_main
   385 ;; This function uses a non-reentrant model
   386 ;;
   387                           
   388                           	psect	text1
   389   001160                     __ptext1:
   390                           	callstack 0
   391   001160                     _application_initialize:
   392                           	callstack 29
   393   001160  0E55               	movlw	85
   394   001162  6E41               	movwf	gpio_port_direction_initialize@direction^0,c
   395   001164  0E00               	movlw	0
   396   001166  EC58  F008         	call	_gpio_port_direction_initialize
   397   00116A  0E55               	movlw	85
   398   00116C  6E41               	movwf	gpio_port_write_logic@logic^0,c
   399   00116E  0E00               	movlw	0
   400   001170  EC37  F008         	call	_gpio_port_write_logic
   401   001174  0E40               	movlw	low _portA_logic
   402   001176  6E41               	movwf	gpio_port_read_logic@logic^0,c
   403   001178  0E00               	movlw	0
   404   00117A  EC0B  F008         	call	_gpio_port_read_logic
   405   00117E  0012               	return		;funcret
   406   001180                     __end_of_application_initialize:
   407                           	callstack 0
   408                           
   409 ;; *************** function _gpio_port_write_logic *****************
   410 ;; Defined at:
   411 ;;		line 224 in file "MCAL_Layer/GPIO/hal_gpio.c"
   412 ;; Parameters:    Size  Location     Type
   413 ;;  port            1    wreg     enum E2981
   414 ;;  logic           1    0[COMRAM] unsigned char 
   415 ;; Auto vars:     Size  Location     Type
   416 ;;  port            1    4[COMRAM] enum E2981
   417 ;;  ret             1    3[COMRAM] unsigned char 
   418 ;; Return value:  Size  Location     Type
   419 ;;                  1    wreg      unsigned char 
   420 ;; Registers used:
   421 ;;		wreg, fsr2l, fsr2h, status,2, status,0, prodl, prodh
   422 ;; Tracked objects:
   423 ;;		On entry : 0/0
   424 ;;		On exit  : 0/0
   425 ;;		Unchanged: 0/0
   426 ;; Data sizes:     COMRAM   BANK0   BANK1   BANK2   BANK3   BANK4   BANK5   BANK6   BANK7   BANK8   BANK9  BANK10  BANK1
      +1  BANK12  BANK13  BANK14  BANK15
   427 ;;      Params:         1       0       0       0       0       0       0       0       0       0       0       0       
      +0       0       0       0       0
   428 ;;      Locals:         2       0       0       0       0       0       0       0       0       0       0       0       
      +0       0       0       0       0
   429 ;;      Temps:          2       0       0       0       0       0       0       0       0       0       0       0       
      +0       0       0       0       0
   430 ;;      Totals:         5       0       0       0       0       0       0       0       0       0       0       0       
      +0       0       0       0       0
   431 ;;Total ram usage:        5 bytes
   432 ;; Hardware stack levels used: 1
   433 ;; This function calls:
   434 ;;		Nothing
   435 ;; This function is called by:
   436 ;;		_application_initialize
   437 ;; This function uses a non-reentrant model
   438 ;;
   439                           
   440                           	psect	text2
   441   00106E                     __ptext2:
   442                           	callstack 0
   443   00106E                     _gpio_port_write_logic:
   444                           	callstack 29
   445                           
   446                           ;incstack = 0
   447                           ;gpio_port_write_logic@port stored from wreg
   448   00106E  6E45               	movwf	gpio_port_write_logic@port^0,c
   449   001070                     
   450                           ;MCAL_Layer/GPIO/hal_gpio.c: 224: Std_ReturnType gpio_port_write_logic(port_index_t port
      +                           , uint8 logic);MCAL_Layer/GPIO/hal_gpio.c: 225: {;MCAL_Layer/GPIO/hal_gpio.c: 226:     
      +                          Std_ReturnType ret = (Std_ReturnType)0x01;
   451   001070  0E01               	movlw	1
   452   001072  6E44               	movwf	gpio_port_write_logic@ret^0,c
   453   001074                     
   454                           ;MCAL_Layer/GPIO/hal_gpio.c: 227:     if((port >= GPIO_PORTA_INDEX) && (port <= 5 -1))
   455   001074  0E05               	movlw	5
   456   001076  6045               	cpfslt	gpio_port_write_logic@port^0,c
   457   001078  EF40  F008         	goto	u1111
   458   00107C  EF42  F008         	goto	u1110
   459   001080                     u1111:
   460   001080  EF54  F008         	goto	l2045
   461   001084                     u1110:
   462   001084                     
   463                           ;MCAL_Layer/GPIO/hal_gpio.c: 228:     {;MCAL_Layer/GPIO/hal_gpio.c: 229:         *lat_re
      +                          gisters[port] = logic;
   464   001084  5045               	movf	gpio_port_write_logic@port^0,w,c
   465   001086  0D02               	mullw	2
   466   001088  50F3               	movf	243,w,c
   467   00108A  0F0B               	addlw	low _lat_registers
   468   00108C  6ED9               	movwf	fsr2l,c
   469   00108E  6ADA               	clrf	fsr2h,c
   470   001090  CFDE F042          	movff	postinc2,??_gpio_port_write_logic
   471   001094  CFDD F043          	movff	postdec2,??_gpio_port_write_logic+1
   472   001098  C042  FFD9         	movff	??_gpio_port_write_logic,fsr2l
   473   00109C  C043  FFDA         	movff	??_gpio_port_write_logic+1,fsr2h
   474   0010A0  C041  FFDF         	movff	gpio_port_write_logic@logic,indf2
   475                           
   476                           ;MCAL_Layer/GPIO/hal_gpio.c: 230:     }
   477   0010A4  EF56  F008         	goto	l426
   478   0010A8                     l2045:
   479   0010A8  0E00               	movlw	0
   480   0010AA  6E44               	movwf	gpio_port_write_logic@ret^0,c
   481   0010AC                     l426:
   482                           
   483                           ;MCAL_Layer/GPIO/hal_gpio.c: 232:     return ret;
   484   0010AC  5044               	movf	gpio_port_write_logic@ret^0,w,c
   485   0010AE  0012               	return		;funcret
   486   0010B0                     __end_of_gpio_port_write_logic:
   487                           	callstack 0
   488                           
   489 ;; *************** function _gpio_port_read_logic *****************
   490 ;; Defined at:
   491 ;;		line 245 in file "MCAL_Layer/GPIO/hal_gpio.c"
   492 ;; Parameters:    Size  Location     Type
   493 ;;  port            1    wreg     enum E2981
   494 ;;  logic           1    0[COMRAM] PTR unsigned char 
   495 ;;		 -> portA_logic(1), 
   496 ;; Auto vars:     Size  Location     Type
   497 ;;  port            1    4[COMRAM] enum E2981
   498 ;;  ret             1    3[COMRAM] unsigned char 
   499 ;; Return value:  Size  Location     Type
   500 ;;                  1    wreg      unsigned char 
   501 ;; Registers used:
   502 ;;		wreg, fsr1l, fsr1h, fsr2l, fsr2h, status,2, status,0, prodl, prodh
   503 ;; Tracked objects:
   504 ;;		On entry : 0/0
   505 ;;		On exit  : 0/0
   506 ;;		Unchanged: 0/0
   507 ;; Data sizes:     COMRAM   BANK0   BANK1   BANK2   BANK3   BANK4   BANK5   BANK6   BANK7   BANK8   BANK9  BANK10  BANK1
      +1  BANK12  BANK13  BANK14  BANK15
   508 ;;      Params:         1       0       0       0       0       0       0       0       0       0       0       0       
      +0       0       0       0       0
   509 ;;      Locals:         2       0       0       0       0       0       0       0       0       0       0       0       
      +0       0       0       0       0
   510 ;;      Temps:          2       0       0       0       0       0       0       0       0       0       0       0       
      +0       0       0       0       0
   511 ;;      Totals:         5       0       0       0       0       0       0       0       0       0       0       0       
      +0       0       0       0       0
   512 ;;Total ram usage:        5 bytes
   513 ;; Hardware stack levels used: 1
   514 ;; This function calls:
   515 ;;		Nothing
   516 ;; This function is called by:
   517 ;;		_application_initialize
   518 ;; This function uses a non-reentrant model
   519 ;;
   520                           
   521                           	psect	text3
   522   001016                     __ptext3:
   523                           	callstack 0
   524   001016                     _gpio_port_read_logic:
   525                           	callstack 29
   526                           
   527                           ;incstack = 0
   528                           ;gpio_port_read_logic@port stored from wreg
   529   001016  6E45               	movwf	gpio_port_read_logic@port^0,c
   530   001018                     
   531                           ;MCAL_Layer/GPIO/hal_gpio.c: 245: Std_ReturnType gpio_port_read_logic(port_index_t port 
      +                          , uint8 *logic);MCAL_Layer/GPIO/hal_gpio.c: 246: {;MCAL_Layer/GPIO/hal_gpio.c: 247:     
      +                          Std_ReturnType ret = (Std_ReturnType)0x01;
   532   001018  0E01               	movlw	1
   533   00101A  6E44               	movwf	gpio_port_read_logic@ret^0,c
   534   00101C                     
   535                           ;MCAL_Layer/GPIO/hal_gpio.c: 248:     if((logic != ((void*)0)) && (port >= GPIO_PORTA_IN
      +                          DEX) && (port <= 5 -1))
   536   00101C  5041               	movf	gpio_port_read_logic@logic^0,w,c
   537   00101E  B4D8               	btfsc	status,2,c
   538   001020  EF14  F008         	goto	u1121
   539   001024  EF16  F008         	goto	u1120
   540   001028                     u1121:
   541   001028  EF33  F008         	goto	l2057
   542   00102C                     u1120:
   543   00102C  0E05               	movlw	5
   544   00102E  6045               	cpfslt	gpio_port_read_logic@port^0,c
   545   001030  EF1C  F008         	goto	u1131
   546   001034  EF1E  F008         	goto	u1130
   547   001038                     u1131:
   548   001038  EF33  F008         	goto	l2057
   549   00103C                     u1130:
   550   00103C                     
   551                           ;MCAL_Layer/GPIO/hal_gpio.c: 249:     {;MCAL_Layer/GPIO/hal_gpio.c: 250:         *logic 
      +                          = *port_registers[port];
   552   00103C  5045               	movf	gpio_port_read_logic@port^0,w,c
   553   00103E  0D02               	mullw	2
   554   001040  50F3               	movf	243,w,c
   555   001042  0F01               	addlw	low _port_registers
   556   001044  6ED9               	movwf	fsr2l,c
   557   001046  6ADA               	clrf	fsr2h,c
   558   001048  CFDE F042          	movff	postinc2,??_gpio_port_read_logic
   559   00104C  CFDD F043          	movff	postdec2,??_gpio_port_read_logic+1
   560   001050  C042  FFD9         	movff	??_gpio_port_read_logic,fsr2l
   561   001054  C043  FFDA         	movff	??_gpio_port_read_logic+1,fsr2h
   562   001058  5041               	movf	gpio_port_read_logic@logic^0,w,c
   563   00105A  6EE1               	movwf	fsr1l,c
   564   00105C  6AE2               	clrf	fsr1h,c
   565   00105E  CFDF FFE7          	movff	indf2,indf1
   566                           
   567                           ;MCAL_Layer/GPIO/hal_gpio.c: 251:     }
   568   001062  EF35  F008         	goto	l431
   569   001066                     l2057:
   570   001066  0E00               	movlw	0
   571   001068  6E44               	movwf	gpio_port_read_logic@ret^0,c
   572   00106A                     l431:
   573                           
   574                           ;MCAL_Layer/GPIO/hal_gpio.c: 253:     return ret;
   575   00106A  5044               	movf	gpio_port_read_logic@ret^0,w,c
   576   00106C  0012               	return		;funcret
   577   00106E                     __end_of_gpio_port_read_logic:
   578                           	callstack 0
   579                           
   580 ;; *************** function _gpio_port_direction_initialize *****************
   581 ;; Defined at:
   582 ;;		line 182 in file "MCAL_Layer/GPIO/hal_gpio.c"
   583 ;; Parameters:    Size  Location     Type
   584 ;;  port            1    wreg     enum E2981
   585 ;;  direction       1    0[COMRAM] unsigned char 
   586 ;; Auto vars:     Size  Location     Type
   587 ;;  port            1    4[COMRAM] enum E2981
   588 ;;  ret             1    3[COMRAM] unsigned char 
   589 ;; Return value:  Size  Location     Type
   590 ;;                  1    wreg      unsigned char 
   591 ;; Registers used:
   592 ;;		wreg, fsr2l, fsr2h, status,2, status,0, prodl, prodh
   593 ;; Tracked objects:
   594 ;;		On entry : 0/0
   595 ;;		On exit  : 0/0
   596 ;;		Unchanged: 0/0
   597 ;; Data sizes:     COMRAM   BANK0   BANK1   BANK2   BANK3   BANK4   BANK5   BANK6   BANK7   BANK8   BANK9  BANK10  BANK1
      +1  BANK12  BANK13  BANK14  BANK15
   598 ;;      Params:         1       0       0       0       0       0       0       0       0       0       0       0       
      +0       0       0       0       0
   599 ;;      Locals:         2       0       0       0       0       0       0       0       0       0       0       0       
      +0       0       0       0       0
   600 ;;      Temps:          2       0       0       0       0       0       0       0       0       0       0       0       
      +0       0       0       0       0
   601 ;;      Totals:         5       0       0       0       0       0       0       0       0       0       0       0       
      +0       0       0       0       0
   602 ;;Total ram usage:        5 bytes
   603 ;; Hardware stack levels used: 1
   604 ;; This function calls:
   605 ;;		Nothing
   606 ;; This function is called by:
   607 ;;		_application_initialize
   608 ;; This function uses a non-reentrant model
   609 ;;
   610                           
   611                           	psect	text4
   612   0010B0                     __ptext4:
   613                           	callstack 0
   614   0010B0                     _gpio_port_direction_initialize:
   615                           	callstack 29
   616                           
   617                           ;incstack = 0
   618                           ;gpio_port_direction_initialize@port stored from wreg
   619   0010B0  6E45               	movwf	gpio_port_direction_initialize@port^0,c
   620   0010B2                     
   621                           ;MCAL_Layer/GPIO/hal_gpio.c: 182: Std_ReturnType gpio_port_direction_initialize(port_ind
      +                          ex_t port , uint8 direction);MCAL_Layer/GPIO/hal_gpio.c: 183: {;MCAL_Layer/GPIO/hal_gpio
      +                          .c: 184:     Std_ReturnType ret = (Std_ReturnType)0x01;
   622   0010B2  0E01               	movlw	1
   623   0010B4  6E44               	movwf	gpio_port_direction_initialize@ret^0,c
   624   0010B6                     
   625                           ;MCAL_Layer/GPIO/hal_gpio.c: 185:     if((port >= GPIO_PORTA_INDEX) && (port <= 5 -1))
   626   0010B6  0E05               	movlw	5
   627   0010B8  6045               	cpfslt	gpio_port_direction_initialize@port^0,c
   628   0010BA  EF61  F008         	goto	u1101
   629   0010BE  EF63  F008         	goto	u1100
   630   0010C2                     u1101:
   631   0010C2  EF75  F008         	goto	l2035
   632   0010C6                     u1100:
   633   0010C6                     
   634                           ;MCAL_Layer/GPIO/hal_gpio.c: 186:     {;MCAL_Layer/GPIO/hal_gpio.c: 187:         *tris_r
      +                          egisters[port] = direction;
   635   0010C6  5045               	movf	gpio_port_direction_initialize@port^0,w,c
   636   0010C8  0D02               	mullw	2
   637   0010CA  50F3               	movf	243,w,c
   638   0010CC  0F15               	addlw	low _tris_registers
   639   0010CE  6ED9               	movwf	fsr2l,c
   640   0010D0  6ADA               	clrf	fsr2h,c
   641   0010D2  CFDE F042          	movff	postinc2,??_gpio_port_direction_initialize
   642   0010D6  CFDD F043          	movff	postdec2,??_gpio_port_direction_initialize+1
   643   0010DA  C042  FFD9         	movff	??_gpio_port_direction_initialize,fsr2l
   644   0010DE  C043  FFDA         	movff	??_gpio_port_direction_initialize+1,fsr2h
   645   0010E2  C041  FFDF         	movff	gpio_port_direction_initialize@direction,indf2
   646                           
   647                           ;MCAL_Layer/GPIO/hal_gpio.c: 188:     }
   648   0010E6  EF77  F008         	goto	l416
   649   0010EA                     l2035:
   650   0010EA  0E00               	movlw	0
   651   0010EC  6E44               	movwf	gpio_port_direction_initialize@ret^0,c
   652   0010EE                     l416:
   653                           
   654                           ;MCAL_Layer/GPIO/hal_gpio.c: 190:     return ret;
   655   0010EE  5044               	movf	gpio_port_direction_initialize@ret^0,w,c
   656   0010F0  0012               	return		;funcret
   657   0010F2                     __end_of_gpio_port_direction_initialize:
   658                           	callstack 0
   659                           
   660                           	psect	rparam
   661   000000                     
   662                           	psect	config
   663                           
   664                           ; Padding undefined space
   665   300000                     	org	3145728
   666   300000  FF                 	db	255
   667                           
   668                           ;Config register CONFIG1H @ 0x300001
   669                           ;	Oscillator Selection bits
   670                           ;	OSC = HS, HS oscillator
   671                           ;	Fail-Safe Clock Monitor Enable bit
   672                           ;	FCMEN = OFF, Fail-Safe Clock Monitor disabled
   673                           ;	Internal/External Oscillator Switchover bit
   674                           ;	IESO = OFF, Oscillator Switchover mode disabled
   675   300001                     	org	3145729
   676   300001  02                 	db	2
   677                           
   678                           ;Config register CONFIG2L @ 0x300002
   679                           ;	Power-up Timer Enable bit
   680                           ;	PWRT = OFF, PWRT disabled
   681                           ;	Brown-out Reset Enable bits
   682                           ;	BOREN = OFF, Brown-out Reset disabled in hardware and software
   683                           ;	Brown Out Reset Voltage bits
   684                           ;	BORV = 1, 
   685   300002                     	org	3145730
   686   300002  09                 	db	9
   687                           
   688                           ;Config register CONFIG2H @ 0x300003
   689                           ;	Watchdog Timer Enable bit
   690                           ;	WDT = OFF, WDT disabled (control is placed on the SWDTEN bit)
   691                           ;	Watchdog Timer Postscale Select bits
   692                           ;	WDTPS = 32768, 1:32768
   693   300003                     	org	3145731
   694   300003  1E                 	db	30
   695                           
   696                           ; Padding undefined space
   697   300004                     	org	3145732
   698   300004  FF                 	db	255
   699                           
   700                           ;Config register CONFIG3H @ 0x300005
   701                           ;	CCP2 MUX bit
   702                           ;	CCP2MX = PORTC, CCP2 input/output is multiplexed with RC1
   703                           ;	PORTB A/D Enable bit
   704                           ;	PBADEN = OFF, PORTB<4:0> pins are configured as digital I/O on Reset
   705                           ;	Low-Power Timer1 Oscillator Enable bit
   706                           ;	LPT1OSC = OFF, Timer1 configured for higher power operation
   707                           ;	MCLR Pin Enable bit
   708                           ;	MCLRE = ON, MCLR pin enabled; RE3 input pin disabled
   709   300005                     	org	3145733
   710   300005  81                 	db	129
   711                           
   712                           ;Config register CONFIG4L @ 0x300006
   713                           ;	Stack Full/Underflow Reset Enable bit
   714                           ;	STVREN = ON, Stack full/underflow will cause Reset
   715                           ;	Single-Supply ICSP Enable bit
   716                           ;	LVP = OFF, Single-Supply ICSP disabled
   717                           ;	Extended Instruction Set Enable bit
   718                           ;	XINST = OFF, Instruction set extension and Indexed Addressing mode disabled (Legacy mo
      +                          de)
   719                           ;	Background Debugger Enable bit
   720                           ;	DEBUG = 0x1, unprogrammed default
   721   300006                     	org	3145734
   722   300006  81                 	db	129
   723                           
   724                           ; Padding undefined space
   725   300007                     	org	3145735
   726   300007  FF                 	db	255
   727                           
   728                           ;Config register CONFIG5L @ 0x300008
   729                           ;	Code Protection bit
   730                           ;	CP0 = OFF, Block 0 (000800-003FFFh) not code-protected
   731                           ;	Code Protection bit
   732                           ;	CP1 = OFF, Block 1 (004000-007FFFh) not code-protected
   733                           ;	Code Protection bit
   734                           ;	CP2 = OFF, Block 2 (008000-00BFFFh) not code-protected
   735                           ;	Code Protection bit
   736                           ;	CP3 = OFF, Block 3 (00C000-00FFFFh) not code-protected
   737   300008                     	org	3145736
   738   300008  0F                 	db	15
   739                           
   740                           ;Config register CONFIG5H @ 0x300009
   741                           ;	Boot Block Code Protection bit
   742                           ;	CPB = OFF, Boot block (000000-0007FFh) not code-protected
   743                           ;	Data EEPROM Code Protection bit
   744                           ;	CPD = OFF, Data EEPROM not code-protected
   745   300009                     	org	3145737
   746   300009  C0                 	db	192
   747                           
   748                           ;Config register CONFIG6L @ 0x30000A
   749                           ;	Write Protection bit
   750                           ;	WRT0 = OFF, Block 0 (000800-003FFFh) not write-protected
   751                           ;	Write Protection bit
   752                           ;	WRT1 = OFF, Block 1 (004000-007FFFh) not write-protected
   753                           ;	Write Protection bit
   754                           ;	WRT2 = OFF, Block 2 (008000-00BFFFh) not write-protected
   755                           ;	Write Protection bit
   756                           ;	WRT3 = OFF, Block 3 (00C000-00FFFFh) not write-protected
   757   30000A                     	org	3145738
   758   30000A  0F                 	db	15
   759                           
   760                           ;Config register CONFIG6H @ 0x30000B
   761                           ;	Configuration Register Write Protection bit
   762                           ;	WRTC = OFF, Configuration registers (300000-3000FFh) not write-protected
   763                           ;	Boot Block Write Protection bit
   764                           ;	WRTB = OFF, Boot Block (000000-0007FFh) not write-protected
   765                           ;	Data EEPROM Write Protection bit
   766                           ;	WRTD = OFF, Data EEPROM not write-protected
   767   30000B                     	org	3145739
   768   30000B  E0                 	db	224
   769                           
   770                           ;Config register CONFIG7L @ 0x30000C
   771                           ;	Table Read Protection bit
   772                           ;	EBTR0 = OFF, Block 0 (000800-003FFFh) not protected from table reads executed in other
      +                           blocks
   773                           ;	Table Read Protection bit
   774                           ;	EBTR1 = OFF, Block 1 (004000-007FFFh) not protected from table reads executed in other
      +                           blocks
   775                           ;	Table Read Protection bit
   776                           ;	EBTR2 = OFF, Block 2 (008000-00BFFFh) not protected from table reads executed in other
      +                           blocks
   777                           ;	Table Read Protection bit
   778                           ;	EBTR3 = OFF, Block 3 (00C000-00FFFFh) not protected from table reads executed in other
      +                           blocks
   779   30000C                     	org	3145740
   780   30000C  0F                 	db	15
   781                           
   782                           ;Config register CONFIG7H @ 0x30000D
   783                           ;	Boot Block Table Read Protection bit
   784                           ;	EBTRB = OFF, Boot Block (000000-0007FFh) not protected from table reads executed in ot
      +                          her blocks
   785   30000D                     	org	3145741
   786   30000D  40                 	db	64
   787                           tosu	equ	0xFFF
   788                           tosh	equ	0xFFE
   789                           tosl	equ	0xFFD
   790                           stkptr	equ	0xFFC
   791                           pclatu	equ	0xFFB
   792                           pclath	equ	0xFFA
   793                           pcl	equ	0xFF9
   794                           tblptru	equ	0xFF8
   795                           tblptrh	equ	0xFF7
   796                           tblptrl	equ	0xFF6
   797                           tablat	equ	0xFF5
   798                           prodh	equ	0xFF4
   799                           prodl	equ	0xFF3
   800                           indf0	equ	0xFEF
   801                           postinc0	equ	0xFEE
   802                           postdec0	equ	0xFED
   803                           preinc0	equ	0xFEC
   804                           plusw0	equ	0xFEB
   805                           fsr0h	equ	0xFEA
   806                           fsr0l	equ	0xFE9
   807                           wreg	equ	0xFE8
   808                           indf1	equ	0xFE7
   809                           postinc1	equ	0xFE6
   810                           postdec1	equ	0xFE5
   811                           preinc1	equ	0xFE4
   812                           plusw1	equ	0xFE3
   813                           fsr1h	equ	0xFE2
   814                           fsr1l	equ	0xFE1
   815                           bsr	equ	0xFE0
   816                           indf2	equ	0xFDF
   817                           postinc2	equ	0xFDE
   818                           postdec2	equ	0xFDD
   819                           preinc2	equ	0xFDC
   820                           plusw2	equ	0xFDB
   821                           fsr2h	equ	0xFDA
   822                           fsr2l	equ	0xFD9
   823                           status	equ	0xFD8

Data Sizes:
    Strings     3
    Constant    16
    Data        55
    BSS         9
    Persistent  0
    Stack       0

Auto Spaces:
    Space          Size  Autos    Used
    COMRAM          127      5      69
    BANK0           128      0       0
    BANK1           256      0       0
    BANK2           256      0       0
    BANK3           256      0       0
    BANK4           256      0       0
    BANK5           256      0       0
    BANK6           256      0       0
    BANK7           256      0       0
    BANK8           256      0       0
    BANK9           256      0       0
    BANK10          256      0       0
    BANK11          256      0       0
    BANK12          256      0       0
    BANK13          256      0       0
    BANK14          256      0       0
    BANK15          128      0       0

Pointer List with Targets:

    f$.$buffer	PTR unsigned char  size(2) Largest target is 0

    f$.$source	PTR const unsigned char  size(2) Largest target is 0

    gpio_port_read_logic@logic	PTR unsigned char  size(1) Largest target is 1
		 -> portA_logic(COMRAM[1]), 

    lat_registers	PTR volatile unsigned char [5] size(2) Largest target is 1
		 -> LATA(BITBIGSFRll[1]), LATB(BITBIGSFRlh[1]), LATC(BITBIGSFRlh[1]), LATD(BITBIGSFRlh[1]), 
		 -> LATE(BITBIGSFRlh[1]), 

    port_registers	PTR volatile unsigned char [5] size(2) Largest target is 1
		 -> PORTA(BITBIGSFRll[1]), PORTB(BITBIGSFRll[1]), PORTC(BITBIGSFRll[1]), PORTD(BITBIGSFRll[1]), 
		 -> PORTE(BITBIGSFRll[1]), 

    S1277$buffer	PTR unsigned char  size(2) Largest target is 0

    S1277$source	PTR const unsigned char  size(2) Largest target is 0

    sp__memset	PTR void  size(2) Largest target is 0

    tris_registers	PTR volatile unsigned char [5] size(2) Largest target is 1
		 -> TRISA(BITBIGSFRll[1]), TRISB(BITBIGSFRh[1]), TRISC(BITBIGSFRh[1]), TRISD(BITBIGSFRh[1]), 
		 -> TRISE(BITBIGSFRh[1]), 

    vfprintf$0	PTR struct _IO_FILE size(1) Largest target is 12
		 -> sprintf@f(COMRAM[12]), 

    vfprintf$1	PTR const unsigned char  size(1) Largest target is 3
		 -> STR_1(CODE[3]), STR_2(CODE[3]), STR_3(CODE[3]), 

    vfprintf$2	PTR PTR void  size(1) Largest target is 1
		 -> sprintf@ap(COMRAM[1]), 


Critical Paths under _main in COMRAM

    _application_initialize->_gpio_port_direction_initialize
    _application_initialize->_gpio_port_read_logic
    _application_initialize->_gpio_port_write_logic

Critical Paths under _main in BANK0

    None.

Critical Paths under _main in BANK1

    None.

Critical Paths under _main in BANK2

    None.

Critical Paths under _main in BANK3

    None.

Critical Paths under _main in BANK4

    None.

Critical Paths under _main in BANK5

    None.

Critical Paths under _main in BANK6

    None.

Critical Paths under _main in BANK7

    None.

Critical Paths under _main in BANK8

    None.

Critical Paths under _main in BANK9

    None.

Critical Paths under _main in BANK10

    None.

Critical Paths under _main in BANK11

    None.

Critical Paths under _main in BANK12

    None.

Critical Paths under _main in BANK13

    None.

Critical Paths under _main in BANK14

    None.

Critical Paths under _main in BANK15

    None.

Call Graph Tables:

 ---------------------------------------------------------------------------------
 (Depth) Function   	        Calls       Base Space   Used Autos Params    Refs
 ---------------------------------------------------------------------------------
 (0) _main                                                 0     0      0     524
             _application_initialize
 ---------------------------------------------------------------------------------
 (1) _application_initialize                               1     1      0     524
     _gpio_port_direction_initialize
               _gpio_port_read_logic
              _gpio_port_write_logic
 ---------------------------------------------------------------------------------
 (2) _gpio_port_write_logic                                5     4      1     166
                                              0 COMRAM     5     4      1
 ---------------------------------------------------------------------------------
 (2) _gpio_port_read_logic                                 5     4      1     188
                                              0 COMRAM     5     4      1
 ---------------------------------------------------------------------------------
 (2) _gpio_port_direction_initialize                       5     4      1     166
                                              0 COMRAM     5     4      1
 ---------------------------------------------------------------------------------
 Estimated maximum stack depth 2
 ---------------------------------------------------------------------------------

 Call Graph Graphs:

 _main (ROOT)
   _application_initialize
     _gpio_port_direction_initialize
     _gpio_port_read_logic
     _gpio_port_write_logic

 Address spaces:
Name               Size   Autos  Total    Cost      Usage
BIGRAM             F7F      0       0      40        0.0%
EEDATA             400      0       0       0        0.0%
BITBANK14          100      0       0      32        0.0%
BANK14             100      0       0      33        0.0%
BITBANK13          100      0       0      30        0.0%
BANK13             100      0       0      31        0.0%
BITBANK12          100      0       0      28        0.0%
BANK12             100      0       0      29        0.0%
BITBANK11          100      0       0      26        0.0%
BANK11             100      0       0      27        0.0%
BITBANK10          100      0       0      24        0.0%
BANK10             100      0       0      25        0.0%
BITBANK9           100      0       0      22        0.0%
BANK9              100      0       0      23        0.0%
BITBANK8           100      0       0      20        0.0%
BANK8              100      0       0      21        0.0%
BITBANK7           100      0       0      18        0.0%
BANK7              100      0       0      19        0.0%
BITBANK6           100      0       0      16        0.0%
BANK6              100      0       0      17        0.0%
BITBANK5           100      0       0      14        0.0%
BANK5              100      0       0      15        0.0%
BITBANK4           100      0       0      12        0.0%
BANK4              100      0       0      13        0.0%
BITBANK3           100      0       0      10        0.0%
BANK3              100      0       0      11        0.0%
BITBANK2           100      0       0       8        0.0%
BANK2              100      0       0       9        0.0%
BITBANK1           100      0       0       6        0.0%
BANK1              100      0       0       7        0.0%
BITBANK15           80      0       0      34        0.0%
BANK15              80      0       0      35        0.0%
BITBANK0            80      0       0       4        0.0%
BANK0               80      0       0       5        0.0%
BITCOMRAM           7F      0       0       0        0.0%
COMRAM              7F      5      45       1       54.3%
BITBIGSFRh          69      0       0      36        0.0%
BITBIGSFRlh          4      0       0      37        0.0%
BITBIGSFRll          4      0       0      38        0.0%
BIGSFR               0      0       0     200        0.0%
BITSFR               0      0       0     200        0.0%
SFR                  0      0       0     200        0.0%
STACK                0      0       0       2        0.0%
NULL                 0      0       0       0        0.0%
ABS                  0      0      45      39        0.0%
DATA                 0      0      45       3        0.0%
CODE                 0      0       0       0        0.0%


Microchip Technology PIC18 Macro Assembler V2.46 build 20240104201356 
Symbol Table                                                                                   Mon Aug 19 23:26:33 2024

                                    l431 106A                                      l416 10EE  
                                    l432 106C                                      l417 10F0  
                                    l426 10AC                                      l427 10AE  
                                    l460 117E                                      l454 1184  
                                    l455 1184                                      _ret 0038  
                    led_initialize@F3062 003F                    relay_initialize@F3060 003B  
                                    wreg 0FE8                                     l2031 10B6  
                                   l2033 10C6                                     l2041 1074  
                                   l2035 10EA                                     l2051 101C  
                                   l2043 1084                                     l2029 10B2  
                                   l2053 102C                                     l2045 10A8  
                                   l2061 1160                                     l2055 103C  
                                   l2039 1070                                     l2063 1160  
                                   l2057 1066                                     l2049 1018  
                                   l2065 116A                                     l2067 1174  
                                   l2069 1180                                     STR_1 1011  
                                   u1100 10C6                                     u1101 10C2  
                                   u1110 1084                                     u1111 1080  
                                   u1120 102C                                     u1121 1028  
                                   u1130 103C                                     u1131 1038  
                                   _LATA 0F89                                     _LATB 0F8A  
                                   _LATC 0F8B                                     _LATD 0F8C  
                                   _LATE 0F8D                  gpio_port_read_logic@ret 0044  
                                   _lcd1 0032                                     _lcd2 0028  
                                   _led1 0027                                     _main 1180  
                                   fsr1h 0FE2                                     fsr2h 0FDA  
                                   indf1 0FE7                                     indf2 0FDF  
                                   fsr1l 0FE1                                     fsr2l 0FD9  
                                   prodl 0FF3                                     start 0000  
                           ___param_bank 0000                    _gpio_port_write_logic 106E  
                                  ?_main 0041                 ??_application_initialize 0046  
                    relay_turn_off@F3070 0039                                    _PORTA 0F80  
                                  _PORTB 0F81                                    _PORTC 0F82  
                                  _PORTD 0F83                                    _PORTE 0F84  
                                  _TRISA 0F92                                    _TRISB 0F93  
                                  _TRISC 0F94                                    _TRISD 0F95  
                                  _TRISE 0F96                 gpio_port_read_logic@port 0045  
                                  tablat 0FF5                                    status 0FD8  
                        __initialization 112A                             __end_of_main 118C  
                          _lat_registers 000B                                   ??_main 0046  
                          __activetblptr 0002                         led_turn_on@F3067 003E  
              gpio_port_write_logic@port 0045   __end_of_gpio_port_direction_initialize 10F2  
         _gpio_port_direction_initialize 10B0                   ?_gpio_port_write_logic 0041  
                                 clear_0 1150                                   isa$std 0001  
                           __pdataCOMRAM 0001                             __mediumconst 0000  
                                 tblptrh 0FF7                                   tblptrl 0FF6  
                                 tblptru 0FF8             __end_of_gpio_port_read_logic 106E  
                             __accesstop 0080                  __end_of__initialization 1156  
                          ___rparam_used 0001                           __pcstackCOMRAM 0041  
               gpio_port_write_logic@ret 0044                   _application_initialize 1160  
                      led_turn_off@F3072 003D                            _keypad_values 1001  
                   led_turn_toggle@F3077 003C                           _tris_registers 0015  
                                __Hparam 0000                                  __Lparam 0000  
                   _gpio_port_read_logic 1016                             __psmallconst 1000  
                                __pcinit 112A                                  __ramtop 1000  
                                __ptext0 1180                                  __ptext1 1160  
                                __ptext2 106E                                  __ptext3 1016  
                                __ptext4 10B0                                  _keypad1 001F  
                   end_of_initialization 1156        gpio_port_direction_initialize@ret 0044  
                          __Lmediumconst 0000                  ??_gpio_port_write_logic 0042  
                  ?_gpio_port_read_logic 0041                                  postdec1 0FE5  
                                postdec2 0FDD                                  postinc0 0FEE  
                                postinc2 0FDE                       relay_turn_on@F3065 003A  
gpio_port_direction_initialize@direction 0041                            __pidataCOMRAM 10F2  
                    start_initialization 112A                  ?_application_initialize 0041  
                 ??_gpio_port_read_logic 0042                              __pbssCOMRAM 0038  
         __end_of_application_initialize 1180                              __smallconst 1000  
          __end_of_gpio_port_write_logic 10B0                                copy_data0 113E  
              gpio_port_read_logic@logic 0041                                 __Hrparam 0000  
                               __Lrparam 0000                                 isa$xinst 0000  
                  __end_of_keypad_values 1011         ??_gpio_port_direction_initialize 0042  
        ?_gpio_port_direction_initialize 0041       gpio_port_direction_initialize@port 0045  
                            _portA_logic 0040                           _port_registers 0001  
             gpio_port_write_logic@logic 0041  
